<?xml version="1.0" encoding="UTF-8"?>
<!-- Generated by org.testng.reporters.JUnitReportReporter -->
<testsuite skipped="0" hostname="AS-40" name="FujirahAccount.chassisNumberTest" tests="1" failures="0" timestamp="2023-01-23T14:34:11 EET" time="1.629" errors="0">
  <testcase name="ChassisNumberTest" time="1.629" classname="FujirahAccount.chassisNumberTest"/>
  <system-out/>
</testsuite> <!-- FujirahAccount.chassisNumberTest -->
