<?xml version="1.0" encoding="UTF-8"?>
<!-- Generated by org.testng.reporters.JUnitReportReporter -->
<testsuite skipped="0" hostname="AS-40" name="DubaiPoliceAccount.SummeryHappyPathTest" tests="2" failures="0" timestamp="2023-01-25T12:03:14 EET" time="20.494" errors="0">
  <testcase name="confirmSummery" time="16.831" classname="DubaiPoliceAccount.SummeryHappyPathTest"/>
  <system-out/>
  <testcase name="viewRequestetails" time="3.663" classname="DubaiPoliceAccount.SummeryHappyPathTest"/>
  <system-out/>
</testsuite> <!-- DubaiPoliceAccount.SummeryHappyPathTest -->
