<?xml version="1.0" encoding="UTF-8"?>
<!-- Generated by org.testng.reporters.JUnitReportReporter -->
<testsuite skipped="0" hostname="AS-40" name="com.ERA.testcases.API_GetDeliveryCostTest" tests="1" failures="0" timestamp="2022-03-24T17:22:24 EET" time="2.784" errors="0">
  <testcase name="GeteliveryCost" time="2.784" classname="com.ERA.testcases.API_GetDeliveryCostTest"/>
  <system-out/>
</testsuite> <!-- com.ERA.testcases.API_GetDeliveryCostTest -->
