<?xml version="1.0" encoding="UTF-8"?>
<!-- Generated by org.testng.reporters.JUnitReportReporter -->
<testsuite skipped="0" hostname="AS-40" name="RTA.checkProfileValidationTest" tests="3" failures="0" timestamp="2023-01-25T18:07:32 EET" time="6.330" errors="0">
  <testcase name="AClickSave" time="2.092" classname="RTA.checkProfileValidationTest"/>
  <system-out/>
  <testcase name="validateNameError" time="2.037" classname="RTA.checkProfileValidationTest"/>
  <system-out/>
  <testcase name="validateIDError" time="2.201" classname="RTA.checkProfileValidationTest"/>
  <system-out/>
</testsuite> <!-- RTA.checkProfileValidationTest -->
