<?xml version="1.0" encoding="UTF-8"?>
<!-- Generated by org.testng.reporters.JUnitReportReporter -->
<testsuite skipped="0" hostname="AS-40" name="login.ClickloginbuttonfromHomescreenTest" tests="4" failures="0" timestamp="2023-01-31T11:08:09 EET" time="19.802" errors="0">
  <testcase name="clcikLogin" time="4.400" classname="login.ClickloginbuttonfromHomescreenTest"/>
  <system-out/>
  <testcase name="add_RTA_MobileNumber" time="2.365" classname="login.ClickloginbuttonfromHomescreenTest"/>
  <system-out/>
  <testcase name="clickContinue" time="2.358" classname="login.ClickloginbuttonfromHomescreenTest"/>
  <system-out/>
  <testcase name="getotpRTA" time="10.679" classname="login.ClickloginbuttonfromHomescreenTest"/>
  <system-out/>
</testsuite> <!-- login.ClickloginbuttonfromHomescreenTest -->
