<?xml version="1.0" encoding="UTF-8"?>
<!-- Generated by org.testng.reporters.JUnitReportReporter -->
<testsuite skipped="0" hostname="AS-40" name="driverApi.API_Driver_Fujirah_completejob_Test" tests="1" failures="0" timestamp="2023-01-23T14:34:11 EET" time="14.648" errors="0">
  <testcase name="completejob" time="14.648" classname="driverApi.API_Driver_Fujirah_completejob_Test"/>
  <system-out/>
</testsuite> <!-- driverApi.API_Driver_Fujirah_completejob_Test -->
