<?xml version="1.0" encoding="UTF-8"?>
<!-- Generated by org.testng.reporters.JUnitReportReporter -->
<testsuite skipped="0" hostname="AS-40" name="RTA.SummeryTest" tests="24" failures="0" timestamp="2023-01-25T18:27:12 EET" time="100.007" errors="0">
  <testcase name="EditSubServiceNumberPlusIcon1" time="3.692" classname="RTA.SummeryTest"/>
  <system-out/>
  <testcase name="EditSubServiceNumberAndSelectionIcon" time="1.760" classname="RTA.SummeryTest"/>
  <system-out/>
  <testcase name="EditSubServiceNumberPlusIcon2" time="3.560" classname="RTA.SummeryTest"/>
  <system-out/>
  <testcase name="EditSubServiceNumberPlusIcon3" time="3.479" classname="RTA.SummeryTest"/>
  <system-out/>
  <testcase name="EditSubServiceNumberPlusIcon4" time="3.670" classname="RTA.SummeryTest"/>
  <system-out/>
  <testcase name="EditSubServiceNumberminusIcon1" time="1.762" classname="RTA.SummeryTest"/>
  <system-out/>
  <testcase name="EditSubServiceNumberminusIcon2" time="2.421" classname="RTA.SummeryTest"/>
  <system-out/>
  <testcase name="EditSubServiceNumberminusIcon3" time="1.988" classname="RTA.SummeryTest"/>
  <system-out/>
  <testcase name="EditSubServiceNumberminusIcon4" time="2.360" classname="RTA.SummeryTest"/>
  <system-out/>
  <testcase name="ConfirmEditSubService" time="18.038" classname="RTA.SummeryTest"/>
  <system-out/>
  <testcase name="EditropOffIcon" time="13.872" classname="RTA.SummeryTest"/>
  <system-out/>
  <testcase name="confirmdropOff" time="1.894" classname="RTA.SummeryTest"/>
  <system-out/>
  <testcase name="EditImageIcon" time="2.275" classname="RTA.SummeryTest"/>
  <system-out/>
  <testcase name="takeImageEdit" time="1.906" classname="RTA.SummeryTest"/>
  <system-out/>
  <testcase name="cameraTakeImageEdit" time="2.874" classname="RTA.SummeryTest"/>
  <system-out/>
  <testcase name="ConfirmImageEdit" time="1.985" classname="RTA.SummeryTest"/>
  <system-out/>
  <testcase name="ConfirmImagebuttonEdit" time="1.885" classname="RTA.SummeryTest"/>
  <system-out/>
  <testcase name="EditSubServiceNumberAndSelectionIcon2" time="2.057" classname="RTA.SummeryTest"/>
  <system-out/>
  <testcase name="backIcon2" time="2.019" classname="RTA.SummeryTest"/>
  <system-out/>
  <testcase name="EditropOffIcon2" time="1.801" classname="RTA.SummeryTest"/>
  <system-out/>
  <testcase name="backIcon3" time="2.082" classname="RTA.SummeryTest"/>
  <system-out/>
  <testcase name="EditImageIcon2" time="1.865" classname="RTA.SummeryTest"/>
  <system-out/>
  <testcase name="backIcon4" time="2.204" classname="RTA.SummeryTest"/>
  <system-out/>
  <testcase name="confirmSummery" time="18.558" classname="RTA.SummeryTest"/>
  <system-out/>
</testsuite> <!-- RTA.SummeryTest -->
