<?xml version="1.0" encoding="UTF-8"?>
<!-- Generated by org.testng.reporters.JUnitReportReporter -->
<testsuite skipped="0" hostname="AS-40" name="DubaiPoliceAccount.SelectYearTest" tests="2" failures="0" timestamp="2023-01-25T12:03:14 EET" time="3.438" errors="0">
  <testcase name="ClickYearTest" time="1.755" classname="DubaiPoliceAccount.SelectYearTest"/>
  <system-out/>
  <testcase name="SelectYearItemTest" time="1.683" classname="DubaiPoliceAccount.SelectYearTest"/>
  <system-out/>
</testsuite> <!-- DubaiPoliceAccount.SelectYearTest -->
