<?xml version="1.0" encoding="UTF-8"?>
<!-- Generated by org.testng.reporters.JUnitReportReporter -->
<testsuite skipped="0" hostname="AS-40" name="RTA.UpdateReasonTest" tests="4" failures="0" timestamp="2023-01-30T16:17:06 EET" time="13.241" errors="0">
  <testcase name="UpdateIcon" time="8.319" classname="RTA.UpdateReasonTest"/>
  <system-out/>
  <testcase name="ClickReasondropdown" time="1.682" classname="RTA.UpdateReasonTest"/>
  <system-out/>
  <testcase name="SelectItem" time="1.669" classname="RTA.UpdateReasonTest"/>
  <system-out/>
  <testcase name="clickSave" time="1.571" classname="RTA.UpdateReasonTest"/>
  <system-out/>
</testsuite> <!-- RTA.UpdateReasonTest -->
