<?xml version="1.0" encoding="UTF-8"?>
<!-- Generated by org.testng.reporters.JUnitReportReporter -->
<testsuite skipped="0" hostname="AS-40" name="driverApi.Get_Driver_location3_Test" tests="8" failures="0" timestamp="2023-01-29T11:56:11 EET" time="530.408" errors="0">
  <testcase name="LocationdataProivder" time="11.669" classname="driverApi.Get_Driver_location3_Test"/>
  <system-out/>
  <testcase name="LocationdataProivder2" time="26.151" classname="driverApi.Get_Driver_location3_Test"/>
  <system-out/>
  <testcase name="LocationdataProivder3" time="41.723" classname="driverApi.Get_Driver_location3_Test"/>
  <system-out/>
  <testcase name="LocationdataProivder4" time="56.329" classname="driverApi.Get_Driver_location3_Test"/>
  <system-out/>
  <testcase name="LocationdataProivder5" time="71.019" classname="driverApi.Get_Driver_location3_Test"/>
  <system-out/>
  <testcase name="LocationdataProivder6" time="85.978" classname="driverApi.Get_Driver_location3_Test"/>
  <system-out/>
  <testcase name="LocationdataProivder8" time="111.219" classname="driverApi.Get_Driver_location3_Test"/>
  <system-out/>
  <testcase name="LocationdataProivder9" time="126.320" classname="driverApi.Get_Driver_location3_Test"/>
  <system-out/>
</testsuite> <!-- driverApi.Get_Driver_location3_Test -->
