<?xml version="1.0" encoding="UTF-8"?>
<!-- Generated by org.testng.reporters.JUnitReportReporter -->
<testsuite skipped="0" hostname="AS-40" name="RTA.ImpoundTypeTest" tests="2" failures="0" timestamp="2023-01-30T15:49:56 EET" time="3.749" errors="0">
  <testcase name="click_type_dropdown" time="2.082" classname="RTA.ImpoundTypeTest"/>
  <system-out/>
  <testcase name="Select_typeitem" time="1.667" classname="RTA.ImpoundTypeTest"/>
  <system-out/>
</testsuite> <!-- RTA.ImpoundTypeTest -->
