<?xml version="1.0" encoding="UTF-8"?>
<!-- Generated by org.testng.reporters.JUnitReportReporter -->
<testsuite skipped="0" hostname="AS-40" name="RTA_FleetAndAdmin.Fleet_Towing_AssignRequest_Test" tests="9" failures="0" timestamp="2023-01-24T15:11:25 EET" time="70.822" errors="0">
  <testcase name="setup" time="5.890" classname="RTA_FleetAndAdmin.Fleet_Towing_AssignRequest_Test"/>
  <system-out/>
  <testcase name="loginTest" time="17.349" classname="RTA_FleetAndAdmin.Fleet_Towing_AssignRequest_Test"/>
  <system-out/>
  <testcase name="SearchWithjoborderId" time="0.098" classname="RTA_FleetAndAdmin.Fleet_Towing_AssignRequest_Test"/>
  <system-out/>
  <testcase name="clcikAction" time="5.157" classname="RTA_FleetAndAdmin.Fleet_Towing_AssignRequest_Test"/>
  <system-out/>
  <testcase name="Clickdetails" time="5.215" classname="RTA_FleetAndAdmin.Fleet_Towing_AssignRequest_Test"/>
  <system-out/>
  <testcase name="clcikAssignbutton" time="8.179" classname="RTA_FleetAndAdmin.Fleet_Towing_AssignRequest_Test"/>
  <system-out/>
  <testcase name="SerchWithdriverName" time="3.193" classname="RTA_FleetAndAdmin.Fleet_Towing_AssignRequest_Test"/>
  <system-out/>
  <testcase name="selectdriverfromList" time="20.564" classname="RTA_FleetAndAdmin.Fleet_Towing_AssignRequest_Test"/>
  <system-out/>
  <testcase name="confirmAssign" time="5.177" classname="RTA_FleetAndAdmin.Fleet_Towing_AssignRequest_Test"/>
  <system-out/>
</testsuite> <!-- RTA_FleetAndAdmin.Fleet_Towing_AssignRequest_Test -->
