<?xml version="1.0" encoding="UTF-8"?>
<!-- Generated by org.testng.reporters.JUnitReportReporter -->
<testsuite skipped="0" hostname="AS-40" name="fleetAndAdminDubai.OpenAdminAndCancelDubaiRequestITest" tests="1" failures="0" timestamp="2023-01-11T13:28:07 EET" time="57.076" errors="0">
  <testcase name="OpenAdminURL" time="57.076" classname="fleetAndAdminDubai.OpenAdminAndCancelDubaiRequestITest"/>
  <system-out/>
</testsuite> <!-- fleetAndAdminDubai.OpenAdminAndCancelDubaiRequestITest -->
