<?xml version="1.0" encoding="UTF-8"?>
<!-- Generated by org.testng.reporters.JUnitReportReporter -->
<testsuite skipped="0" hostname="AS-40" name="RTA.RTA_IamNotSure_Test" tests="2" failures="0" timestamp="2023-01-30T15:49:56 EET" time="20.830" errors="0">
  <testcase name="confirmlocation" time="19.038" classname="RTA.RTA_IamNotSure_Test"/>
  <system-out/>
  <testcase name="selectIamnotsure" time="1.792" classname="RTA.RTA_IamNotSure_Test"/>
  <system-out/>
</testsuite> <!-- RTA.RTA_IamNotSure_Test -->
