<?xml version="1.0" encoding="UTF-8"?>
<!-- Generated by org.testng.reporters.JUnitReportReporter -->
<testsuite skipped="3" hostname="AS-40" name="Battery.dismisscautionBatteryRequestTest" tests="3" failures="0" timestamp="2023-01-16T12:38:28 EET" time="0.000" errors="0">
  <testcase name="DragServiceSheetSummery" time="0.000" classname="Battery.dismisscautionBatteryRequestTest">
    <skipped/>
  </testcase> <!-- DragServiceSheetSummery -->
  <system-out/>
  <testcase name="clickBackarrrow2" time="0.000" classname="Battery.dismisscautionBatteryRequestTest">
    <skipped/>
  </testcase> <!-- clickBackarrrow2 -->
  <system-out/>
  <testcase name="dissmisscaution" time="0.000" classname="Battery.dismisscautionBatteryRequestTest">
    <skipped/>
  </testcase> <!-- dissmisscaution -->
  <system-out/>
</testsuite> <!-- Battery.dismisscautionBatteryRequestTest -->
