<?xml version="1.0" encoding="UTF-8"?>
<!-- Generated by org.testng.reporters.JUnitReportReporter -->
<testsuite skipped="0" hostname="AS-40" name="Battery.Confirm_PaymentTest" tests="1" failures="0" timestamp="2023-01-29T12:18:06 EET" time="7.003" errors="0">
  <testcase name="ConfirmPayment" time="7.003" classname="Battery.Confirm_PaymentTest"/>
  <system-out/>
</testsuite> <!-- Battery.Confirm_PaymentTest -->
