<?xml version="1.0" encoding="UTF-8"?>
<!-- Generated by org.testng.reporters.JUnitReportReporter -->
<testsuite skipped="0" hostname="AS-40" name="Dubai_FleetAndAdmin.Check_Status_Cancel_In_Admin_Test" tests="6" failures="0" timestamp="2023-01-22T10:28:04 EET" time="43.071" errors="0">
  <testcase name="setup" time="3.618" classname="Dubai_FleetAndAdmin.Check_Status_Cancel_In_Admin_Test"/>
  <system-out/>
  <testcase name="loginTest" time="7.637" classname="Dubai_FleetAndAdmin.Check_Status_Cancel_In_Admin_Test"/>
  <system-out/>
  <testcase name="OpenRequest" time="12.167" classname="Dubai_FleetAndAdmin.Check_Status_Cancel_In_Admin_Test"/>
  <system-out/>
  <testcase name="SearchWithMobileNumber" time="16.505" classname="Dubai_FleetAndAdmin.Check_Status_Cancel_In_Admin_Test"/>
  <system-out/>
  <testcase name="GetRequestAndJobOrderID" time="3.098" classname="Dubai_FleetAndAdmin.Check_Status_Cancel_In_Admin_Test"/>
  <system-out/>
  <testcase name="checkCancelStatus" time="0.046" classname="Dubai_FleetAndAdmin.Check_Status_Cancel_In_Admin_Test"/>
  <system-out/>
</testsuite> <!-- Dubai_FleetAndAdmin.Check_Status_Cancel_In_Admin_Test -->
