<?xml version="1.0" encoding="UTF-8"?>
<!-- Generated by org.testng.reporters.JUnitReportReporter -->
<testsuite skipped="0" hostname="AS-40" name="NormalUser_FleetAndAdmin.Admin_GetGobId_Test" tests="5" failures="0" timestamp="2023-01-03T12:29:29 EET" time="43.530" errors="0">
  <testcase name="setup" time="2.860" classname="NormalUser_FleetAndAdmin.Admin_GetGobId_Test"/>
  <system-out/>
  <testcase name="loginTest" time="8.827" classname="NormalUser_FleetAndAdmin.Admin_GetGobId_Test"/>
  <system-out/>
  <testcase name="OpenRequest" time="12.161" classname="NormalUser_FleetAndAdmin.Admin_GetGobId_Test"/>
  <system-out/>
  <testcase name="SearchWithMobileNumber" time="16.576" classname="NormalUser_FleetAndAdmin.Admin_GetGobId_Test"/>
  <system-out/>
  <testcase name="GetRequestAndJobOrderID" time="3.106" classname="NormalUser_FleetAndAdmin.Admin_GetGobId_Test"/>
  <system-out/>
</testsuite> <!-- NormalUser_FleetAndAdmin.Admin_GetGobId_Test -->
