<?xml version="1.0" encoding="UTF-8"?>
<!-- Generated by org.testng.reporters.JUnitReportReporter -->
<testsuite hostname="AS-40" failures="0" tests="3" name="common.addCancelReasonTest" time="9.610" errors="0" timestamp="2022-12-15T14:48:06 EET" skipped="0">
  <testcase classname="common.addCancelReasonTest" name="SelectReason" time="2.873"/>
  <system-out/>
  <testcase classname="common.addCancelReasonTest" name="AddReasonTextBox" time="3.545"/>
  <system-out/>
  <testcase classname="common.addCancelReasonTest" name="ConfirmAddReason" time="3.192"/>
  <system-out/>
</testsuite> <!-- common.addCancelReasonTest -->
