<?xml version="1.0" encoding="UTF-8"?>
<!-- Generated by org.testng.reporters.JUnitReportReporter -->
<testsuite skipped="0" hostname="AS-40" name="RTA.UpdateVehicleMakeAndModelTest" tests="6" failures="0" timestamp="2023-01-29T14:35:03 EET" time="12.861" errors="0">
  <testcase name="SelectMakeTest" time="1.780" classname="RTA.UpdateVehicleMakeAndModelTest"/>
  <system-out/>
  <testcase name="dragsheetTest" time="3.246" classname="RTA.UpdateVehicleMakeAndModelTest"/>
  <system-out/>
  <testcase name="SelectMakeItemTest" time="1.758" classname="RTA.UpdateVehicleMakeAndModelTest"/>
  <system-out/>
  <testcase name="SelectModelTest" time="1.761" classname="RTA.UpdateVehicleMakeAndModelTest"/>
  <system-out/>
  <testcase name="SelectModelItemTest" time="2.190" classname="RTA.UpdateVehicleMakeAndModelTest"/>
  <system-out/>
  <testcase name="scrolldownTest" time="2.126" classname="RTA.UpdateVehicleMakeAndModelTest"/>
  <system-out/>
</testsuite> <!-- RTA.UpdateVehicleMakeAndModelTest -->
