<?xml version="1.0" encoding="UTF-8"?>
<!-- Generated by org.testng.reporters.JUnitReportReporter -->
<testsuite skipped="0" hostname="AS-40" name="RTA.SaveAsDraftTest" tests="2" failures="0" timestamp="2023-01-30T12:34:33 EET" time="10.070" errors="0">
  <testcase name="clickBack" time="8.539" classname="RTA.SaveAsDraftTest"/>
  <system-out/>
  <testcase name="SaveAsdraft" time="1.531" classname="RTA.SaveAsDraftTest"/>
  <system-out/>
</testsuite> <!-- RTA.SaveAsDraftTest -->
