<?xml version="1.0" encoding="UTF-8"?>
<!-- Generated by org.testng.reporters.JUnitReportReporter -->
<testsuite skipped="0" hostname="AS-40" name="DubaiPoliceAccount.AssertVehicleDataTest" tests="1" failures="0" timestamp="2023-01-25T13:23:34 EET" time="3.659" errors="0">
  <testcase name="AssertVehicleDataSection" time="3.659" classname="DubaiPoliceAccount.AssertVehicleDataTest"/>
  <system-out/>
</testsuite> <!-- DubaiPoliceAccount.AssertVehicleDataTest -->
