<?xml version="1.0" encoding="UTF-8"?>
<!-- Generated by org.testng.reporters.JUnitReportReporter -->
<testsuite skipped="0" hostname="AS-40" name="login.Login_EditMobileNumberTest" tests="10" failures="0" timestamp="2022-03-27T09:27:09 EET" time="93.435" errors="0">
  <testcase name="clcikLogin" time="8.865" classname="login.Login_EditMobileNumberTest"/>
  <system-out/>
  <testcase name="SelectCountyCode" time="9.543" classname="login.Login_EditMobileNumberTest"/>
  <system-out/>
  <testcase name="Searchforcounrty" time="9.150" classname="login.Login_EditMobileNumberTest"/>
  <system-out/>
  <testcase name="SelectEgypt" time="8.512" classname="login.Login_EditMobileNumberTest"/>
  <system-out/>
  <testcase name="addMobileNumber" time="9.195" classname="login.Login_EditMobileNumberTest"/>
  <system-out/>
  <testcase name="clickContinue" time="8.760" classname="login.Login_EditMobileNumberTest"/>
  <system-out/>
  <testcase name="EditMobileNumber" time="8.918" classname="login.Login_EditMobileNumberTest"/>
  <system-out/>
  <testcase name="EditMobileNumber" time="8.957" classname="login.Login_EditMobileNumberTest"/>
  <system-out/>
  <testcase name="clickCntinue" time="8.809" classname="login.Login_EditMobileNumberTest"/>
  <system-out/>
  <testcase name="getotp" time="12.726" classname="login.Login_EditMobileNumberTest"/>
  <system-out/>
</testsuite> <!-- login.Login_EditMobileNumberTest -->
