<?xml version="1.0" encoding="UTF-8"?>
<!-- Generated by org.testng.reporters.JUnitReportReporter -->
<testsuite skipped="0" hostname="AS-40" name="RTA.RequestCancelledTest" tests="1" failures="0" timestamp="2023-01-24T13:43:14 EET" time="2.806" errors="0">
  <testcase name="confirmRequestCancelledTest" time="2.806" classname="RTA.RequestCancelledTest"/>
  <system-out/>
</testsuite> <!-- RTA.RequestCancelledTest -->
