<?xml version="1.0" encoding="UTF-8"?>
<!-- Generated by org.testng.reporters.JUnitReportReporter -->
<testsuite skipped="2" hostname="AS-40" name="common.CancelTrackingsheetTest" tests="2" failures="0" timestamp="2023-01-16T12:38:28 EET" time="0.000" errors="0">
  <testcase name="CancelTrackingSheet" time="0.000" classname="common.CancelTrackingsheetTest">
    <skipped/>
  </testcase> <!-- CancelTrackingSheet -->
  <system-out/>
  <testcase name="AssertOutstandingText" time="0.000" classname="common.CancelTrackingsheetTest">
    <skipped/>
  </testcase> <!-- AssertOutstandingText -->
  <system-out/>
</testsuite> <!-- common.CancelTrackingsheetTest -->
