<?xml version="1.0" encoding="UTF-8"?>
<!-- Generated by org.testng.reporters.JUnitReportReporter -->
<testsuite skipped="0" hostname="AS-40" name="RTA_FleetAndAdmin.Check_Status_Cancel_In_Admin_Test" tests="6" failures="0" timestamp="2023-01-30T12:34:33 EET" time="41.506" errors="0">
  <testcase name="setup" time="2.650" classname="RTA_FleetAndAdmin.Check_Status_Cancel_In_Admin_Test"/>
  <system-out/>
  <testcase name="loginTest" time="7.114" classname="RTA_FleetAndAdmin.Check_Status_Cancel_In_Admin_Test"/>
  <system-out/>
  <testcase name="OpenRequest" time="12.116" classname="RTA_FleetAndAdmin.Check_Status_Cancel_In_Admin_Test"/>
  <system-out/>
  <testcase name="SearchWithMobileNumber" time="16.465" classname="RTA_FleetAndAdmin.Check_Status_Cancel_In_Admin_Test"/>
  <system-out/>
  <testcase name="GetRequestAndJobOrderID" time="3.104" classname="RTA_FleetAndAdmin.Check_Status_Cancel_In_Admin_Test"/>
  <system-out/>
  <testcase name="checkCancelStatus" time="0.057" classname="RTA_FleetAndAdmin.Check_Status_Cancel_In_Admin_Test"/>
  <system-out/>
</testsuite> <!-- RTA_FleetAndAdmin.Check_Status_Cancel_In_Admin_Test -->
