<?xml version="1.0" encoding="UTF-8"?>
<!-- Generated by org.testng.reporters.JUnitReportReporter -->
<testsuite skipped="0" hostname="AS-40" name="FujirahAccount.DropOffTest" tests="2" failures="0" timestamp="2023-01-23T14:34:11 EET" time="3.263" errors="0">
  <testcase name="SelectropOff" time="1.565" classname="FujirahAccount.DropOffTest"/>
  <system-out/>
  <testcase name="confirmdropOff" time="1.698" classname="FujirahAccount.DropOffTest"/>
  <system-out/>
</testsuite> <!-- FujirahAccount.DropOffTest -->
