<?xml version="1.0" encoding="UTF-8"?>
<!-- Generated by org.testng.reporters.JUnitReportReporter -->
<testsuite skipped="0" hostname="AS-40" name="FujirahAccount.ConfirmVehicleTest" tests="1" failures="0" timestamp="2023-01-23T14:34:11 EET" time="1.756" errors="0">
  <testcase name="confirmVehicleTest" time="1.756" classname="FujirahAccount.ConfirmVehicleTest"/>
  <system-out/>
</testsuite> <!-- FujirahAccount.ConfirmVehicleTest -->
