<?xml version="1.0" encoding="UTF-8"?>
<!-- Generated by org.testng.reporters.JUnitReportReporter -->
<testsuite skipped="0" hostname="AS-40" name="Battery.NoteTest" tests="3" failures="0" timestamp="2023-01-29T12:18:06 EET" time="6.214" errors="0">
  <testcase name="TowingclickAddNote" time="2.011" classname="Battery.NoteTest"/>
  <system-out/>
  <testcase name="Sendnotevalue" time="2.449" classname="Battery.NoteTest"/>
  <system-out/>
  <testcase name="ConfirmNote" time="1.754" classname="Battery.NoteTest"/>
  <system-out/>
</testsuite> <!-- Battery.NoteTest -->
