<?xml version="1.0" encoding="UTF-8"?>
<!-- Generated by org.testng.reporters.JUnitReportReporter -->
<testsuite skipped="0" hostname="AS-40" name="profile.Profile_DeleteImageTest" tests="9" failures="0" timestamp="2023-01-23T11:26:40 EET" time="18.560" errors="0">
  <testcase name="clickprofiletabFromMenu" time="2.165" classname="profile.Profile_DeleteImageTest"/>
  <system-out/>
  <testcase name="ImageOtions" time="2.275" classname="profile.Profile_DeleteImageTest"/>
  <system-out/>
  <testcase name="AllowPermissionImageTake" time="1.818" classname="profile.Profile_DeleteImageTest"/>
  <system-out/>
  <testcase name="AllowPermissionaccessFiles" time="1.665" classname="profile.Profile_DeleteImageTest"/>
  <system-out/>
  <testcase name="DeleteImage" time="1.703" classname="profile.Profile_DeleteImageTest"/>
  <system-out/>
  <testcase name="scrollitems" time="2.229" classname="profile.Profile_DeleteImageTest"/>
  <system-out/>
  <testcase name="SaveButton" time="3.493" classname="profile.Profile_DeleteImageTest"/>
  <system-out/>
  <testcase name="dissmissPopup" time="1.611" classname="profile.Profile_DeleteImageTest"/>
  <system-out/>
  <testcase name="ClickMenu" time="1.601" classname="profile.Profile_DeleteImageTest"/>
  <system-out/>
</testsuite> <!-- profile.Profile_DeleteImageTest -->
