<?xml version="1.0" encoding="UTF-8"?>
<!-- Generated by org.testng.reporters.JUnitReportReporter -->
<testsuite skipped="0" hostname="AS-40" name="towing.validDestTrackingLocationTest" tests="4" failures="0" timestamp="2023-01-29T12:18:06 EET" time="15.840" errors="0">
  <testcase name="ClickSearchDest" time="1.850" classname="towing.validDestTrackingLocationTest"/>
  <system-out/>
  <testcase name="SendDestLocation" time="2.465" classname="towing.validDestTrackingLocationTest"/>
  <system-out/>
  <testcase name="ClickSearchItem" time="2.196" classname="towing.validDestTrackingLocationTest"/>
  <system-out/>
  <testcase name="ConfirmDestination" time="9.329" classname="towing.validDestTrackingLocationTest"/>
  <system-out/>
</testsuite> <!-- towing.validDestTrackingLocationTest -->
