<?xml version="1.0" encoding="UTF-8"?>
<!-- Generated by org.testng.reporters.JUnitReportReporter -->
<testsuite skipped="0" hostname="AS-40" name="fleetAndAdminDubai.OpenAdminAndGetJobOrderIdDubaiRequestITest" tests="1" failures="0" timestamp="2023-01-11T13:23:32 EET" time="45.048" errors="0">
  <testcase name="OpenAdminURL" time="45.048" classname="fleetAndAdminDubai.OpenAdminAndGetJobOrderIdDubaiRequestITest"/>
  <system-out/>
</testsuite> <!-- fleetAndAdminDubai.OpenAdminAndGetJobOrderIdDubaiRequestITest -->
