<?xml version="1.0" encoding="UTF-8"?>
<!-- Generated by org.testng.reporters.JUnitReportReporter -->
<testsuite skipped="0" hostname="AS-40" name="RTA.ConfirmVehicleTest" tests="1" failures="0" timestamp="2023-01-31T11:08:09 EET" time="1.721" errors="0">
  <testcase name="confirmVehicleTest" time="1.721" classname="RTA.ConfirmVehicleTest"/>
  <system-out/>
</testsuite> <!-- RTA.ConfirmVehicleTest -->
