<?xml version="1.0" encoding="UTF-8"?>
<!-- Generated by org.testng.reporters.JUnitReportReporter -->
<testsuite skipped="0" hostname="AS-40" name="RTA.ScrollDownTest" tests="1" failures="0" timestamp="2023-01-29T14:35:03 EET" time="2.228" errors="0">
  <testcase name="SwitchToggleOffTest" time="2.228" classname="RTA.ScrollDownTest"/>
  <system-out/>
</testsuite> <!-- RTA.ScrollDownTest -->
