<?xml version="1.0" encoding="UTF-8"?>
<!-- Generated by org.testng.reporters.JUnitReportReporter -->
<testsuite skipped="0" hostname="AS-40" name="DubaiPoliceAccount.UpdatePlatedataTest" tests="8" failures="0" timestamp="2023-01-25T13:23:34 EET" time="14.843" errors="0">
  <testcase name="SwitchToggleOffTest" time="2.135" classname="DubaiPoliceAccount.UpdatePlatedataTest"/>
  <system-out/>
  <testcase name="SwitchToggleONTest" time="1.653" classname="DubaiPoliceAccount.UpdatePlatedataTest"/>
  <system-out/>
  <testcase name="ClickEmirateListTest" time="1.779" classname="DubaiPoliceAccount.UpdatePlatedataTest"/>
  <system-out/>
  <testcase name="ClickEmirateListItemTest" time="1.697" classname="DubaiPoliceAccount.UpdatePlatedataTest"/>
  <system-out/>
  <testcase name="ClickCodeListTest" time="2.054" classname="DubaiPoliceAccount.UpdatePlatedataTest"/>
  <system-out/>
  <testcase name="ClickcodeItemListTest" time="1.882" classname="DubaiPoliceAccount.UpdatePlatedataTest"/>
  <system-out/>
  <testcase name="AddPlateNumberTest" time="1.837" classname="DubaiPoliceAccount.UpdatePlatedataTest"/>
  <system-out/>
  <testcase name="ConfirmPlateTest" time="1.806" classname="DubaiPoliceAccount.UpdatePlatedataTest"/>
  <system-out/>
</testsuite> <!-- DubaiPoliceAccount.UpdatePlatedataTest -->
