<?xml version="1.0" encoding="UTF-8"?>
<!-- Generated by org.testng.reporters.JUnitReportReporter -->
<testsuite skipped="0" hostname="AS-40" name="RTA_FleetAndAdmin.Fleet_IamNotSure_AssignRequest_Test" tests="16" failures="0" timestamp="2023-01-30T11:06:33 EET" time="83.651" errors="0">
  <testcase name="setup" time="3.403" classname="RTA_FleetAndAdmin.Fleet_IamNotSure_AssignRequest_Test"/>
  <system-out/>
  <testcase name="loginTest" time="13.373" classname="RTA_FleetAndAdmin.Fleet_IamNotSure_AssignRequest_Test"/>
  <system-out/>
  <testcase name="SearchWithjoborderId" time="0.093" classname="RTA_FleetAndAdmin.Fleet_IamNotSure_AssignRequest_Test"/>
  <system-out/>
  <testcase name="clickAction" time="5.175" classname="RTA_FleetAndAdmin.Fleet_IamNotSure_AssignRequest_Test"/>
  <system-out/>
  <testcase name="changeRecoverytype" time="5.193" classname="RTA_FleetAndAdmin.Fleet_IamNotSure_AssignRequest_Test"/>
  <system-out/>
  <testcase name="selectrecoverytype" time="5.196" classname="RTA_FleetAndAdmin.Fleet_IamNotSure_AssignRequest_Test"/>
  <system-out/>
  <testcase name="item_selection" time="2.089" classname="RTA_FleetAndAdmin.Fleet_IamNotSure_AssignRequest_Test"/>
  <system-out/>
  <testcase name="save" time="0.094" classname="RTA_FleetAndAdmin.Fleet_IamNotSure_AssignRequest_Test"/>
  <system-out/>
  <testcase name="refresh" time="1.216" classname="RTA_FleetAndAdmin.Fleet_IamNotSure_AssignRequest_Test"/>
  <system-out/>
  <testcase name="SearchWithjoborderId2" time="0.104" classname="RTA_FleetAndAdmin.Fleet_IamNotSure_AssignRequest_Test"/>
  <system-out/>
  <testcase name="actionbutton2" time="10.168" classname="RTA_FleetAndAdmin.Fleet_IamNotSure_AssignRequest_Test"/>
  <system-out/>
  <testcase name="Clickdetails" time="0.084" classname="RTA_FleetAndAdmin.Fleet_IamNotSure_AssignRequest_Test"/>
  <system-out/>
  <testcase name="clcikAssignbutton" time="8.469" classname="RTA_FleetAndAdmin.Fleet_IamNotSure_AssignRequest_Test"/>
  <system-out/>
  <testcase name="SerchWithdriverName" time="3.254" classname="RTA_FleetAndAdmin.Fleet_IamNotSure_AssignRequest_Test"/>
  <system-out/>
  <testcase name="selectdriverfromList" time="20.559" classname="RTA_FleetAndAdmin.Fleet_IamNotSure_AssignRequest_Test"/>
  <system-out/>
  <testcase name="confirmAssign" time="5.181" classname="RTA_FleetAndAdmin.Fleet_IamNotSure_AssignRequest_Test"/>
  <system-out/>
</testsuite> <!-- RTA_FleetAndAdmin.Fleet_IamNotSure_AssignRequest_Test -->
