<?xml version="1.0" encoding="UTF-8"?>
<!-- Generated by org.testng.reporters.JUnitReportReporter -->
<testsuite skipped="0" hostname="AS-40" name="FujirahAccount.SelectYearTest" tests="2" failures="0" timestamp="2023-01-23T14:34:11 EET" time="3.461" errors="0">
  <testcase name="ClickYearTest" time="1.732" classname="FujirahAccount.SelectYearTest"/>
  <system-out/>
  <testcase name="SelectYearItemTest" time="1.729" classname="FujirahAccount.SelectYearTest"/>
  <system-out/>
</testsuite> <!-- FujirahAccount.SelectYearTest -->
