<?xml version="1.0" encoding="UTF-8"?>
<!-- Generated by org.testng.reporters.JUnitReportReporter -->
<testsuite skipped="0" hostname="AS-40" name="DubaiPoliceAccount.OwnerDataTest" tests="7" failures="0" timestamp="2023-01-25T12:03:14 EET" time="14.569" errors="0">
  <testcase name="AddOwnerNameTest" time="2.363" classname="DubaiPoliceAccount.OwnerDataTest"/>
  <system-out/>
  <testcase name="AddOwnerMobileNumberTest" time="2.343" classname="DubaiPoliceAccount.OwnerDataTest"/>
  <system-out/>
  <testcase name="AddLicenceNumberTest" time="2.355" classname="DubaiPoliceAccount.OwnerDataTest"/>
  <system-out/>
  <testcase name="AddLicenceIssueDate" time="1.690" classname="DubaiPoliceAccount.OwnerDataTest"/>
  <system-out/>
  <testcase name="Clcikcalenderday" time="2.456" classname="DubaiPoliceAccount.OwnerDataTest"/>
  <system-out/>
  <testcase name="Clcikconfirmcalendar" time="1.702" classname="DubaiPoliceAccount.OwnerDataTest"/>
  <system-out/>
  <testcase name="ConfirmOwnerdata" time="1.660" classname="DubaiPoliceAccount.OwnerDataTest"/>
  <system-out/>
</testsuite> <!-- DubaiPoliceAccount.OwnerDataTest -->
