<?xml version="1.0" encoding="UTF-8"?>
<!-- Generated by org.testng.reporters.JUnitReportReporter -->
<testsuite skipped="2" hostname="AS-40" name="towing.cautionTowingRequestTest" tests="2" failures="0" timestamp="2023-01-16T12:38:28 EET" time="0.000" errors="0">
  <testcase name="clcikBackarrow" time="0.000" classname="towing.cautionTowingRequestTest">
    <skipped/>
  </testcase> <!-- clcikBackarrow -->
  <system-out/>
  <testcase name="confirmbackome" time="0.000" classname="towing.cautionTowingRequestTest">
    <skipped/>
  </testcase> <!-- confirmbackome -->
  <system-out/>
</testsuite> <!-- towing.cautionTowingRequestTest -->
