<?xml version="1.0" encoding="UTF-8"?>
<!-- Generated by org.testng.reporters.JUnitReportReporter -->
<testsuite skipped="0" hostname="AS-40" name="DubaiPoliceAccount.SelectVehicleWieghtTest" tests="2" failures="0" timestamp="2023-01-25T13:23:34 EET" time="4.291" errors="0">
  <testcase name="ClickweightlistTest" time="1.900" classname="DubaiPoliceAccount.SelectVehicleWieghtTest"/>
  <system-out/>
  <testcase name="SelectweightlistItemTest" time="2.391" classname="DubaiPoliceAccount.SelectVehicleWieghtTest"/>
  <system-out/>
</testsuite> <!-- DubaiPoliceAccount.SelectVehicleWieghtTest -->
