<?xml version="1.0" encoding="UTF-8"?>
<!-- Generated by org.testng.reporters.JUnitReportReporter -->
<testsuite hostname="AS-40" failures="0" tests="2" name="common.checkcancelpopup" time="42.476" errors="0" timestamp="2022-12-15T14:48:05 EET" skipped="0">
  <testcase classname="common.checkcancelpopup" name="cancelLink" time="39.576"/>
  <system-out/>
  <testcase classname="common.checkcancelpopup" name="cancelPopup" time="2.900"/>
  <system-out/>
</testsuite> <!-- common.checkcancelpopup -->
