<?xml version="1.0" encoding="UTF-8"?>
<!-- Generated by org.testng.reporters.JUnitReportReporter -->
<testsuite skipped="0" hostname="AS-40" name="profile.Profile_TakeCameraImageTest" tests="9" failures="0" timestamp="2023-01-23T11:26:40 EET" time="28.619" errors="0">
  <testcase name="clickprofiletabFromMenu" time="1.751" classname="profile.Profile_TakeCameraImageTest"/>
  <system-out/>
  <testcase name="ImageOtionscenterIcon" time="2.195" classname="profile.Profile_TakeCameraImageTest"/>
  <system-out/>
  <testcase name="CaptureImage" time="2.108" classname="profile.Profile_TakeCameraImageTest"/>
  <system-out/>
  <testcase name="camera" time="4.505" classname="profile.Profile_TakeCameraImageTest"/>
  <system-out/>
  <testcase name="confirmImage" time="1.864" classname="profile.Profile_TakeCameraImageTest"/>
  <system-out/>
  <testcase name="scrollitems" time="3.188" classname="profile.Profile_TakeCameraImageTest"/>
  <system-out/>
  <testcase name="SaveButton" time="2.384" classname="profile.Profile_TakeCameraImageTest"/>
  <system-out/>
  <testcase name="dissmissPopup" time="7.868" classname="profile.Profile_TakeCameraImageTest"/>
  <system-out/>
  <testcase name="ClickMenu" time="2.756" classname="profile.Profile_TakeCameraImageTest"/>
  <system-out/>
</testsuite> <!-- profile.Profile_TakeCameraImageTest -->
