<?xml version="1.0" encoding="UTF-8"?>
<!-- Generated by org.testng.reporters.JUnitReportReporter -->
<testsuite skipped="0" hostname="AS-40" name="fleetAndAdminDubai.OpenFleetAndAssignPoliceRequestTest" tests="1" failures="0" timestamp="2023-01-11T12:00:28 EET" time="58.728" errors="0">
  <testcase name="OpenFleetURL" time="58.728" classname="fleetAndAdminDubai.OpenFleetAndAssignPoliceRequestTest"/>
  <system-out/>
</testsuite> <!-- fleetAndAdminDubai.OpenFleetAndAssignPoliceRequestTest -->
