<?xml version="1.0" encoding="UTF-8"?>
<!-- Generated by org.testng.reporters.JUnitReportReporter -->
<testsuite skipped="0" hostname="AS-40" name="towing.NewFlow_addNormalTowingRequestTest" tests="2" failures="0" timestamp="2023-01-29T12:18:06 EET" time="7.115" errors="0">
  <testcase name="selectTowingService" time="5.076" classname="towing.NewFlow_addNormalTowingRequestTest"/>
  <system-out/>
  <testcase name="selectNormalTowing" time="2.039" classname="towing.NewFlow_addNormalTowingRequestTest"/>
  <system-out/>
</testsuite> <!-- towing.NewFlow_addNormalTowingRequestTest -->
