<?xml version="1.0" encoding="UTF-8"?>
<!-- Generated by org.testng.reporters.JUnitReportReporter -->
<testsuite skipped="0" hostname="AS-40" name="NormalUser_FleetAndAdmin.Admin_GetGobId_Test" tests="5" failures="0" timestamp="2023-01-29T12:18:06 EET" time="44.627" errors="0">
  <testcase name="setup" time="5.150" classname="NormalUser_FleetAndAdmin.Admin_GetGobId_Test"/>
  <system-out/>
  <testcase name="loginTest" time="7.589" classname="NormalUser_FleetAndAdmin.Admin_GetGobId_Test"/>
  <system-out/>
  <testcase name="OpenRequest" time="12.278" classname="NormalUser_FleetAndAdmin.Admin_GetGobId_Test"/>
  <system-out/>
  <testcase name="SearchWithMobileNumber" time="16.510" classname="NormalUser_FleetAndAdmin.Admin_GetGobId_Test"/>
  <system-out/>
  <testcase name="GetRequestAndJobOrderID" time="3.100" classname="NormalUser_FleetAndAdmin.Admin_GetGobId_Test"/>
  <system-out/>
</testsuite> <!-- NormalUser_FleetAndAdmin.Admin_GetGobId_Test -->
