<?xml version="1.0" encoding="UTF-8"?>
<!-- Generated by org.testng.reporters.JUnitReportReporter -->
<testsuite skipped="0" hostname="AS-40" name="FujirahAccount.ImageHappyPathTest" tests="5" failures="0" timestamp="2023-01-23T14:34:11 EET" time="13.118" errors="0">
  <testcase name="takeImage" time="1.693" classname="FujirahAccount.ImageHappyPathTest"/>
  <system-out/>
  <testcase name="allowcameraPermission" time="3.371" classname="FujirahAccount.ImageHappyPathTest"/>
  <system-out/>
  <testcase name="cameraTakeImage" time="3.649" classname="FujirahAccount.ImageHappyPathTest"/>
  <system-out/>
  <testcase name="ConfirmImage" time="2.633" classname="FujirahAccount.ImageHappyPathTest"/>
  <system-out/>
  <testcase name="ConfirmImagebutton" time="1.772" classname="FujirahAccount.ImageHappyPathTest"/>
  <system-out/>
</testsuite> <!-- FujirahAccount.ImageHappyPathTest -->
