<?xml version="1.0" encoding="UTF-8"?>
<!-- Generated by org.testng.reporters.JUnitReportReporter -->
<testsuite skipped="0" hostname="AS-40" name="RTA.SelectYearTest" tests="2" failures="0" timestamp="2023-01-31T11:08:09 EET" time="4.442" errors="0">
  <testcase name="ClickYearTest" time="2.783" classname="RTA.SelectYearTest"/>
  <system-out/>
  <testcase name="SelectYearItemTest" time="1.659" classname="RTA.SelectYearTest"/>
  <system-out/>
</testsuite> <!-- RTA.SelectYearTest -->
