<?xml version="1.0" encoding="UTF-8"?>
<!-- Generated by org.testng.reporters.JUnitReportReporter -->
<testsuite skipped="0" hostname="AS-40" name="DubaiPoliceAccount.PlatedataTest" tests="11" failures="0" timestamp="2023-01-25T12:03:14 EET" time="18.346" errors="0">
  <testcase name="ClickEmirateListTest" time="1.670" classname="DubaiPoliceAccount.PlatedataTest"/>
  <system-out/>
  <testcase name="ClickEmirateListItemTest" time="1.633" classname="DubaiPoliceAccount.PlatedataTest"/>
  <system-out/>
  <testcase name="ClickCodeListTest" time="1.756" classname="DubaiPoliceAccount.PlatedataTest"/>
  <system-out/>
  <testcase name="ClickcodeItemListTest" time="1.676" classname="DubaiPoliceAccount.PlatedataTest"/>
  <system-out/>
  <testcase name="AddPlateNumberTest" time="1.586" classname="DubaiPoliceAccount.PlatedataTest"/>
  <system-out/>
  <testcase name="SwitchToggleOffTest" time="1.692" classname="DubaiPoliceAccount.PlatedataTest"/>
  <system-out/>
  <testcase name="SwitchToggleONTest" time="1.656" classname="DubaiPoliceAccount.PlatedataTest"/>
  <system-out/>
  <testcase name="ClickEmirateListTest2" time="1.648" classname="DubaiPoliceAccount.PlatedataTest"/>
  <system-out/>
  <testcase name="ClickEmirateListItemTest2" time="1.740" classname="DubaiPoliceAccount.PlatedataTest"/>
  <system-out/>
  <testcase name="AddPlateNumberTest2" time="1.679" classname="DubaiPoliceAccount.PlatedataTest"/>
  <system-out/>
  <testcase name="ConfirmplatedataTest" time="1.610" classname="DubaiPoliceAccount.PlatedataTest"/>
  <system-out/>
</testsuite> <!-- DubaiPoliceAccount.PlatedataTest -->
