<?xml version="1.0" encoding="UTF-8"?>
<!-- Generated by org.testng.reporters.JUnitReportReporter -->
<testsuite skipped="0" hostname="AS-40" name="RTA.DownloadAndShareTest" tests="3" failures="0" timestamp="2023-01-31T11:08:09 EET" time="12.793" errors="0">
  <testcase name="ClickDownloadTest" time="9.020" classname="RTA.DownloadAndShareTest"/>
  <system-out/>
  <testcase name="ClickShareTest" time="1.628" classname="RTA.DownloadAndShareTest"/>
  <system-out/>
  <testcase name="CopyLinkTest" time="2.145" classname="RTA.DownloadAndShareTest"/>
  <system-out/>
</testsuite> <!-- RTA.DownloadAndShareTest -->
