<?xml version="1.0" encoding="UTF-8"?>
<!-- Generated by org.testng.reporters.JUnitReportReporter -->
<testsuite skipped="0" hostname="AS-40" name="FujirahAccount.CompleteFujirahVehicleDataInfoTest" tests="1" failures="0" timestamp="2023-01-23T14:34:11 EET" time="2.432" errors="0">
  <testcase name="AddRefrenceNumberTest" time="2.432" classname="FujirahAccount.CompleteFujirahVehicleDataInfoTest"/>
  <system-out/>
</testsuite> <!-- FujirahAccount.CompleteFujirahVehicleDataInfoTest -->
