<?xml version="1.0" encoding="UTF-8"?>
<!-- Generated by org.testng.reporters.JUnitReportReporter -->
<testsuite skipped="1" hostname="AS-40" name="common.DragTrackingsheetTest" tests="1" failures="0" timestamp="2023-01-16T12:38:28 EET" time="0.000" errors="0">
  <testcase name="dargTrackingSheet" time="0.000" classname="common.DragTrackingsheetTest">
    <skipped/>
  </testcase> <!-- dargTrackingSheet -->
  <system-out/>
</testsuite> <!-- common.DragTrackingsheetTest -->
