<?xml version="1.0" encoding="UTF-8"?>
<!-- Generated by org.testng.reporters.JUnitReportReporter -->
<testsuite skipped="0" hostname="AS-40" name="NormalUser_FleetAndAdmin.Check_Status_Cancel_In_Fleet_Test" tests="8" failures="0" timestamp="2023-01-11T09:49:59 EET" time="81.026" errors="0">
  <testcase name="setup" time="6.424" classname="NormalUser_FleetAndAdmin.Check_Status_Cancel_In_Fleet_Test"/>
  <system-out/>
  <testcase name="setup" time="6.897" classname="NormalUser_FleetAndAdmin.Check_Status_Cancel_In_Fleet_Test"/>
  <system-out/>
  <testcase name="loginTest" time="26.560" classname="NormalUser_FleetAndAdmin.Check_Status_Cancel_In_Fleet_Test"/>
  <system-out/>
  <testcase name="loginTest" time="40.783" classname="NormalUser_FleetAndAdmin.Check_Status_Cancel_In_Fleet_Test"/>
  <system-out/>
  <testcase name="SearchWithjoborderId" time="0.101" classname="NormalUser_FleetAndAdmin.Check_Status_Cancel_In_Fleet_Test"/>
  <system-out/>
  <testcase name="SearchWithjoborderId" time="0.119" classname="NormalUser_FleetAndAdmin.Check_Status_Cancel_In_Fleet_Test"/>
  <system-out/>
  <testcase name="check_Request_is_Cancelled" time="0.067" classname="NormalUser_FleetAndAdmin.Check_Status_Cancel_In_Fleet_Test"/>
  <system-out/>
  <testcase name="check_Request_is_Cancelled" time="0.075" classname="NormalUser_FleetAndAdmin.Check_Status_Cancel_In_Fleet_Test"/>
  <system-out/>
</testsuite> <!-- NormalUser_FleetAndAdmin.Check_Status_Cancel_In_Fleet_Test -->
