<?xml version="1.0" encoding="UTF-8"?>
<!-- Generated by org.testng.reporters.JUnitReportReporter -->
<testsuite skipped="0" hostname="AS-40" name="DeliverycostApi.API_GetTowingDeliveryCostTest" tests="1" failures="0" timestamp="2022-03-27T09:27:09 EET" time="11.420" errors="0">
  <testcase name="GeteliveryCost" time="11.420" classname="DeliverycostApi.API_GetTowingDeliveryCostTest"/>
  <system-out/>
</testsuite> <!-- DeliverycostApi.API_GetTowingDeliveryCostTest -->
