<?xml version="1.0" encoding="UTF-8"?>
<!-- Generated by org.testng.reporters.JUnitReportReporter -->
<testsuite skipped="0" hostname="AS-40" name="RTA.UpdateColorTest" tests="2" failures="0" timestamp="2023-01-29T14:35:03 EET" time="3.601" errors="0">
  <testcase name="ClickColorTest" time="1.777" classname="RTA.UpdateColorTest"/>
  <system-out/>
  <testcase name="UpdateColorItemTest" time="1.824" classname="RTA.UpdateColorTest"/>
  <system-out/>
</testsuite> <!-- RTA.UpdateColorTest -->
