<?xml version="1.0" encoding="UTF-8"?>
<!-- Generated by org.testng.reporters.JUnitReportReporter -->
<testsuite skipped="0" hostname="AS-40" name="driverApi.API_Driver_Startjob_Test" tests="1" failures="0" timestamp="2023-01-30T11:06:33 EET" time="52.578" errors="0">
  <testcase name="Startjob_Test" time="52.578" classname="driverApi.API_Driver_Startjob_Test"/>
  <system-out/>
</testsuite> <!-- driverApi.API_Driver_Startjob_Test -->
