<?xml version="1.0" encoding="UTF-8"?>
<!-- Generated by org.testng.reporters.JUnitReportReporter -->
<testsuite skipped="0" hostname="AS-40" name="RTA.OwnerDataTest" tests="1" failures="0" timestamp="2023-01-31T11:08:09 EET" time="2.172" errors="0">
  <testcase name="AddOwnerNameTest" time="2.172" classname="RTA.OwnerDataTest"/>
  <system-out/>
</testsuite> <!-- RTA.OwnerDataTest -->
