<?xml version="1.0" encoding="UTF-8"?>
<!-- Generated by org.testng.reporters.JUnitReportReporter -->
<testsuite hostname="AS-40" failures="0" tests="2" name="SandPullOut.Confirm_SummeryTest" time="2.028" errors="2" timestamp="2022-12-15T09:14:29 EET" skipped="0">
  <testcase classname="SandPullOut.Confirm_SummeryTest" name="afterMethod" time="2.017">
    <error message="An unknown server-side error occurred while processing the command. Original error: &#039;GET /screenshot&#039; cannot be proxied to UiAutomator2 server because the instrumentation process is not running (probably crashed). Check the server log and/or the logcat output for more details
Build info: version: &#039;3.141.59&#039;, revision: &#039;e82be7d358&#039;, time: &#039;2018-11-14T08:17:03&#039;
System info: host: &#039;AS-40&#039;, ip: &#039;192.168.80.157&#039;, os.name: &#039;Windows 10&#039;, os.arch: &#039;amd64&#039;, os.version: &#039;10.0&#039;, java.version: &#039;15.0.2&#039;
Driver info: io.appium.java_client.android.AndroidDriver
Capabilities {AUTOMATION_NAME: UiAutomator2, app: C:\Users\amira\eclipse-work..., appActivity: com.eci.era.splash.presenta..., appPackage: com.eci.era, databaseEnabled: false, desired: {AUTOMATION_NAME: UiAutomator2, app: C:\Users\amira\eclipse-work..., appActivity: com.eci.era.splash.presenta..., appPackage: com.eci.era, deviceName: OPPO Reno2 F, enforceAppInstall: true, noSign: true, platformName: android, platformVersion: 11, skipServerInstallation: false, suppressKillServer: true, udid: TGKVHUK7LVOZS8E6}, deviceApiLevel: 30, deviceManufacturer: OPPO, deviceModel: CPH1989, deviceName: TGKVHUK7LVOZS8E6, deviceScreenDensity: 480, deviceScreenSize: 1080x2340, deviceUDID: TGKVHUK7LVOZS8E6, enforceAppInstall: true, javascriptEnabled: true, locationContextEnabled: false, networkConnectionEnabled: true, noSign: true, pixelRatio: 3, platform: LINUX, platformName: Android, platformVersion: 11, skipServerInstallation: false, statBarHeight: 96, suppressKillServer: true, takesScreenshot: true, udid: TGKVHUK7LVOZS8E6, viewportRect: {height: 2112, left: 0, top: 96, width: 1080}, warnings: {}, webStorageEnabled: false}
Session ID: 8abc8bc6-e6ba-4f2b-ad2b-3f0a1ff85601" type="org.openqa.selenium.WebDriverException">
      <![CDATA[org.openqa.selenium.WebDriverException: An unknown server-side error occurred while processing the command. Original error: 'GET /screenshot' cannot be proxied to UiAutomator2 server because the instrumentation process is not running (probably crashed). Check the server log and/or the logcat output for more details
Build info: version: '3.141.59', revision: 'e82be7d358', time: '2018-11-14T08:17:03'
System info: host: 'AS-40', ip: '192.168.80.157', os.name: 'Windows 10', os.arch: 'amd64', os.version: '10.0', java.version: '15.0.2'
Driver info: io.appium.java_client.android.AndroidDriver
Capabilities {AUTOMATION_NAME: UiAutomator2, app: C:\Users\amira\eclipse-work..., appActivity: com.eci.era.splash.presenta..., appPackage: com.eci.era, databaseEnabled: false, desired: {AUTOMATION_NAME: UiAutomator2, app: C:\Users\amira\eclipse-work..., appActivity: com.eci.era.splash.presenta..., appPackage: com.eci.era, deviceName: OPPO Reno2 F, enforceAppInstall: true, noSign: true, platformName: android, platformVersion: 11, skipServerInstallation: false, suppressKillServer: true, udid: TGKVHUK7LVOZS8E6}, deviceApiLevel: 30, deviceManufacturer: OPPO, deviceModel: CPH1989, deviceName: TGKVHUK7LVOZS8E6, deviceScreenDensity: 480, deviceScreenSize: 1080x2340, deviceUDID: TGKVHUK7LVOZS8E6, enforceAppInstall: true, javascriptEnabled: true, locationContextEnabled: false, networkConnectionEnabled: true, noSign: true, pixelRatio: 3, platform: LINUX, platformName: Android, platformVersion: 11, skipServerInstallation: false, statBarHeight: 96, suppressKillServer: true, takesScreenshot: true, udid: TGKVHUK7LVOZS8E6, viewportRect: {height: 2112, left: 0, top: 96, width: 1080}, warnings: {}, webStorageEnabled: false}
Session ID: 8abc8bc6-e6ba-4f2b-ad2b-3f0a1ff85601
at java.base/jdk.internal.reflect.NativeConstructorAccessorImpl.newInstance0(Native Method)
at java.base/jdk.internal.reflect.NativeConstructorAccessorImpl.newInstance(NativeConstructorAccessorImpl.java:64)
at java.base/jdk.internal.reflect.DelegatingConstructorAccessorImpl.newInstance(DelegatingConstructorAccessorImpl.java:45)
at java.base/java.lang.reflect.Constructor.newInstanceWithCaller(Constructor.java:500)
at java.base/java.lang.reflect.Constructor.newInstance(Constructor.java:481)
at org.openqa.selenium.remote.http.W3CHttpResponseCodec.createException(W3CHttpResponseCodec.java:187)
at org.openqa.selenium.remote.http.W3CHttpResponseCodec.decode(W3CHttpResponseCodec.java:122)
at org.openqa.selenium.remote.http.W3CHttpResponseCodec.decode(W3CHttpResponseCodec.java:49)
at org.openqa.selenium.remote.HttpCommandExecutor.execute(HttpCommandExecutor.java:158)
at io.appium.java_client.remote.AppiumCommandExecutor.execute(AppiumCommandExecutor.java:239)
at org.openqa.selenium.remote.RemoteWebDriver.execute(RemoteWebDriver.java:552)
at io.appium.java_client.DefaultGenericMobileDriver.execute(DefaultGenericMobileDriver.java:46)
at io.appium.java_client.AppiumDriver.execute(AppiumDriver.java:1)
at io.appium.java_client.android.AndroidDriver.execute(AndroidDriver.java:1)
at org.openqa.selenium.remote.RemoteWebDriver.getScreenshotAs(RemoteWebDriver.java:295)
at com.ERA.base.Base.afterMethod(Base.java:96)
at jdk.internal.reflect.GeneratedMethodAccessor10.invoke(Unknown Source)
at java.base/jdk.internal.reflect.DelegatingMethodAccessorImpl.invoke(DelegatingMethodAccessorImpl.java:43)
at java.base/java.lang.reflect.Method.invoke(Method.java:564)
at org.testng.internal.MethodInvocationHelper.invokeMethod(MethodInvocationHelper.java:133)
at org.testng.internal.MethodInvocationHelper.invokeMethodConsideringTimeout(MethodInvocationHelper.java:62)
at org.testng.internal.ConfigInvoker.invokeConfigurationMethod(ConfigInvoker.java:385)
at org.testng.internal.ConfigInvoker.invokeConfigurations(ConfigInvoker.java:321)
at org.testng.internal.TestInvoker.runConfigMethods(TestInvoker.java:700)
at org.testng.internal.TestInvoker.runAfterGroupsConfigurations(TestInvoker.java:676)
at org.testng.internal.TestInvoker.invokeMethod(TestInvoker.java:660)
at org.testng.internal.TestInvoker.invokeTestMethod(TestInvoker.java:173)
at org.testng.internal.MethodRunner.runInSequence(MethodRunner.java:46)
at org.testng.internal.TestInvoker$MethodInvocationAgent.invoke(TestInvoker.java:824)
at org.testng.internal.TestInvoker.invokeTestMethods(TestInvoker.java:146)
at org.testng.internal.TestMethodWorker.invokeTestMethods(TestMethodWorker.java:146)
at org.testng.internal.TestMethodWorker.run(TestMethodWorker.java:128)
at java.base/java.util.ArrayList.forEach(ArrayList.java:1511)
at org.testng.TestRunner.privateRun(TestRunner.java:794)
at org.testng.TestRunner.run(TestRunner.java:596)
at org.testng.SuiteRunner.runTest(SuiteRunner.java:377)
at org.testng.SuiteRunner.runSequentially(SuiteRunner.java:371)
at org.testng.SuiteRunner.privateRun(SuiteRunner.java:332)
at org.testng.SuiteRunner.run(SuiteRunner.java:276)
at org.testng.SuiteRunnerWorker.runSuite(SuiteRunnerWorker.java:53)
at org.testng.SuiteRunnerWorker.run(SuiteRunnerWorker.java:96)
at org.testng.TestNG.runSuitesSequentially(TestNG.java:1212)
at org.testng.TestNG.runSuitesLocally(TestNG.java:1134)
at org.testng.TestNG.runSuites(TestNG.java:1063)
at org.testng.TestNG.run(TestNG.java:1031)
at org.testng.remote.AbstractRemoteTestNG.run(AbstractRemoteTestNG.java:115)
at org.testng.remote.RemoteTestNG.initAndRun(RemoteTestNG.java:251)
at org.testng.remote.RemoteTestNG.main(RemoteTestNG.java:77)
]]>
    </error>
  </testcase> <!-- afterMethod -->
  <system-out/>
  <testcase classname="SandPullOut.Confirm_SummeryTest" name="ConfirmSummery" time="0.011">
    <error message="An unknown server-side error occurred while processing the command. Original error: &#039;GET /&#039; cannot be proxied to UiAutomator2 server because the instrumentation process is not running (probably crashed). Check the server log and/or the logcat output for more details
Build info: version: &#039;3.141.59&#039;, revision: &#039;e82be7d358&#039;, time: &#039;2018-11-14T08:17:03&#039;
System info: host: &#039;AS-40&#039;, ip: &#039;192.168.80.157&#039;, os.name: &#039;Windows 10&#039;, os.arch: &#039;amd64&#039;, os.version: &#039;10.0&#039;, java.version: &#039;15.0.2&#039;
Driver info: io.appium.java_client.android.AndroidDriver
Capabilities {AUTOMATION_NAME: UiAutomator2, app: C:\Users\amira\eclipse-work..., appActivity: com.eci.era.splash.presenta..., appPackage: com.eci.era, databaseEnabled: false, desired: {AUTOMATION_NAME: UiAutomator2, app: C:\Users\amira\eclipse-work..., appActivity: com.eci.era.splash.presenta..., appPackage: com.eci.era, deviceName: OPPO Reno2 F, enforceAppInstall: true, noSign: true, platformName: android, platformVersion: 11, skipServerInstallation: false, suppressKillServer: true, udid: TGKVHUK7LVOZS8E6}, deviceApiLevel: 30, deviceManufacturer: OPPO, deviceModel: CPH1989, deviceName: TGKVHUK7LVOZS8E6, deviceScreenDensity: 480, deviceScreenSize: 1080x2340, deviceUDID: TGKVHUK7LVOZS8E6, enforceAppInstall: true, javascriptEnabled: true, locationContextEnabled: false, networkConnectionEnabled: true, noSign: true, pixelRatio: 3, platform: LINUX, platformName: Android, platformVersion: 11, skipServerInstallation: false, statBarHeight: 96, suppressKillServer: true, takesScreenshot: true, udid: TGKVHUK7LVOZS8E6, viewportRect: {height: 2112, left: 0, top: 96, width: 1080}, warnings: {}, webStorageEnabled: false}
Session ID: 8abc8bc6-e6ba-4f2b-ad2b-3f0a1ff85601" type="org.openqa.selenium.WebDriverException">
      <![CDATA[org.openqa.selenium.WebDriverException: An unknown server-side error occurred while processing the command. Original error: 'GET /' cannot be proxied to UiAutomator2 server because the instrumentation process is not running (probably crashed). Check the server log and/or the logcat output for more details
Build info: version: '3.141.59', revision: 'e82be7d358', time: '2018-11-14T08:17:03'
System info: host: 'AS-40', ip: '192.168.80.157', os.name: 'Windows 10', os.arch: 'amd64', os.version: '10.0', java.version: '15.0.2'
Driver info: io.appium.java_client.android.AndroidDriver
Capabilities {AUTOMATION_NAME: UiAutomator2, app: C:\Users\amira\eclipse-work..., appActivity: com.eci.era.splash.presenta..., appPackage: com.eci.era, databaseEnabled: false, desired: {AUTOMATION_NAME: UiAutomator2, app: C:\Users\amira\eclipse-work..., appActivity: com.eci.era.splash.presenta..., appPackage: com.eci.era, deviceName: OPPO Reno2 F, enforceAppInstall: true, noSign: true, platformName: android, platformVersion: 11, skipServerInstallation: false, suppressKillServer: true, udid: TGKVHUK7LVOZS8E6}, deviceApiLevel: 30, deviceManufacturer: OPPO, deviceModel: CPH1989, deviceName: TGKVHUK7LVOZS8E6, deviceScreenDensity: 480, deviceScreenSize: 1080x2340, deviceUDID: TGKVHUK7LVOZS8E6, enforceAppInstall: true, javascriptEnabled: true, locationContextEnabled: false, networkConnectionEnabled: true, noSign: true, pixelRatio: 3, platform: LINUX, platformName: Android, platformVersion: 11, skipServerInstallation: false, statBarHeight: 96, suppressKillServer: true, takesScreenshot: true, udid: TGKVHUK7LVOZS8E6, viewportRect: {height: 2112, left: 0, top: 96, width: 1080}, warnings: {}, webStorageEnabled: false}
Session ID: 8abc8bc6-e6ba-4f2b-ad2b-3f0a1ff85601
at java.base/jdk.internal.reflect.NativeConstructorAccessorImpl.newInstance0(Native Method)
at java.base/jdk.internal.reflect.NativeConstructorAccessorImpl.newInstance(NativeConstructorAccessorImpl.java:64)
at java.base/jdk.internal.reflect.DelegatingConstructorAccessorImpl.newInstance(DelegatingConstructorAccessorImpl.java:45)
at java.base/java.lang.reflect.Constructor.newInstanceWithCaller(Constructor.java:500)
at java.base/java.lang.reflect.Constructor.newInstance(Constructor.java:481)
at org.openqa.selenium.remote.http.W3CHttpResponseCodec.createException(W3CHttpResponseCodec.java:187)
at org.openqa.selenium.remote.http.W3CHttpResponseCodec.decode(W3CHttpResponseCodec.java:122)
at org.openqa.selenium.remote.http.W3CHttpResponseCodec.decode(W3CHttpResponseCodec.java:49)
at org.openqa.selenium.remote.HttpCommandExecutor.execute(HttpCommandExecutor.java:158)
at io.appium.java_client.remote.AppiumCommandExecutor.execute(AppiumCommandExecutor.java:239)
at org.openqa.selenium.remote.RemoteWebDriver.execute(RemoteWebDriver.java:552)
at io.appium.java_client.DefaultGenericMobileDriver.execute(DefaultGenericMobileDriver.java:46)
at io.appium.java_client.AppiumDriver.execute(AppiumDriver.java:1)
at io.appium.java_client.android.AndroidDriver.execute(AndroidDriver.java:1)
at io.appium.java_client.HasSessionDetails.getSessionDetails(HasSessionDetails.java:39)
at io.appium.java_client.HasSessionDetails.getSessionDetail(HasSessionDetails.java:56)
at io.appium.java_client.HasSessionDetails.getPlatformName(HasSessionDetails.java:65)
at io.appium.java_client.pagefactory.AppiumFieldDecorator.<init>(AppiumFieldDecorator.java:96)
at io.appium.java_client.pagefactory.AppiumFieldDecorator.<init>(AppiumFieldDecorator.java:144)
at com.ERA.base.Base.<init>(Base.java:61)
at com.ERA.screens.addBatteryRequestTestScreen.<init>(addBatteryRequestTestScreen.java:10)
at SandPullOut.Confirm_SummeryTest.ConfirmSummery(Confirm_SummeryTest.java:14)
at java.base/jdk.internal.reflect.NativeMethodAccessorImpl.invoke0(Native Method)
at java.base/jdk.internal.reflect.NativeMethodAccessorImpl.invoke(NativeMethodAccessorImpl.java:64)
at java.base/jdk.internal.reflect.DelegatingMethodAccessorImpl.invoke(DelegatingMethodAccessorImpl.java:43)
at java.base/java.lang.reflect.Method.invoke(Method.java:564)
at org.testng.internal.MethodInvocationHelper.invokeMethod(MethodInvocationHelper.java:133)
at org.testng.internal.TestInvoker.invokeMethod(TestInvoker.java:598)
at org.testng.internal.TestInvoker.invokeTestMethod(TestInvoker.java:173)
at org.testng.internal.MethodRunner.runInSequence(MethodRunner.java:46)
at org.testng.internal.TestInvoker$MethodInvocationAgent.invoke(TestInvoker.java:824)
at org.testng.internal.TestInvoker.invokeTestMethods(TestInvoker.java:146)
at org.testng.internal.TestMethodWorker.invokeTestMethods(TestMethodWorker.java:146)
at org.testng.internal.TestMethodWorker.run(TestMethodWorker.java:128)
at java.base/java.util.ArrayList.forEach(ArrayList.java:1511)
at org.testng.TestRunner.privateRun(TestRunner.java:794)
at org.testng.TestRunner.run(TestRunner.java:596)
at org.testng.SuiteRunner.runTest(SuiteRunner.java:377)
at org.testng.SuiteRunner.runSequentially(SuiteRunner.java:371)
at org.testng.SuiteRunner.privateRun(SuiteRunner.java:332)
at org.testng.SuiteRunner.run(SuiteRunner.java:276)
at org.testng.SuiteRunnerWorker.runSuite(SuiteRunnerWorker.java:53)
at org.testng.SuiteRunnerWorker.run(SuiteRunnerWorker.java:96)
at org.testng.TestNG.runSuitesSequentially(TestNG.java:1212)
at org.testng.TestNG.runSuitesLocally(TestNG.java:1134)
at org.testng.TestNG.runSuites(TestNG.java:1063)
at org.testng.TestNG.run(TestNG.java:1031)
at org.testng.remote.AbstractRemoteTestNG.run(AbstractRemoteTestNG.java:115)
at org.testng.remote.RemoteTestNG.initAndRun(RemoteTestNG.java:251)
at org.testng.remote.RemoteTestNG.main(RemoteTestNG.java:77)
]]>
    </error>
  </testcase> <!-- ConfirmSummery -->
  <system-out/>
</testsuite> <!-- SandPullOut.Confirm_SummeryTest -->
