<?xml version="1.0" encoding="UTF-8"?>
<!-- Generated by org.testng.reporters.JUnitReportReporter -->
<testsuite skipped="0" hostname="AS-40" name="DubaiPoliceAccount.ImageHappyPathTest" tests="5" failures="0" timestamp="2023-01-25T12:03:14 EET" time="11.985" errors="0">
  <testcase name="takeImage" time="1.707" classname="DubaiPoliceAccount.ImageHappyPathTest"/>
  <system-out/>
  <testcase name="allowcameraPermission" time="2.793" classname="DubaiPoliceAccount.ImageHappyPathTest"/>
  <system-out/>
  <testcase name="cameraTakeImage" time="2.681" classname="DubaiPoliceAccount.ImageHappyPathTest"/>
  <system-out/>
  <testcase name="ConfirmImage" time="1.720" classname="DubaiPoliceAccount.ImageHappyPathTest"/>
  <system-out/>
  <testcase name="ConfirmImagebutton" time="3.084" classname="DubaiPoliceAccount.ImageHappyPathTest"/>
  <system-out/>
</testsuite> <!-- DubaiPoliceAccount.ImageHappyPathTest -->
