<?xml version="1.0" encoding="UTF-8"?>
<!-- Generated by org.testng.reporters.JUnitReportReporter -->
<testsuite skipped="0" hostname="AS-40" name="towing.validPickUPLocationTrackingTest" tests="3" failures="0" timestamp="2023-01-29T12:18:06 EET" time="8.173" errors="0">
  <testcase name="Addingvalidpickup" time="2.848" classname="towing.validPickUPLocationTrackingTest"/>
  <system-out/>
  <testcase name="SendPickupLocation" time="2.378" classname="towing.validPickUPLocationTrackingTest"/>
  <system-out/>
  <testcase name="ClickSearchresultItem" time="2.947" classname="towing.validPickUPLocationTrackingTest"/>
  <system-out/>
</testsuite> <!-- towing.validPickUPLocationTrackingTest -->
