<?xml version="1.0" encoding="UTF-8"?>
<!-- Generated by org.testng.reporters.JUnitReportReporter -->
<testsuite skipped="0" hostname="AS-40" name="DubaiPoliceAccount.DropOffTest" tests="2" failures="0" timestamp="2023-01-25T12:03:14 EET" time="3.386" errors="0">
  <testcase name="SelectropOff" time="1.713" classname="DubaiPoliceAccount.DropOffTest"/>
  <system-out/>
  <testcase name="confirmdropOff" time="1.673" classname="DubaiPoliceAccount.DropOffTest"/>
  <system-out/>
</testsuite> <!-- DubaiPoliceAccount.DropOffTest -->
