<?xml version="1.0" encoding="UTF-8"?>
<!-- Generated by org.testng.reporters.JUnitReportReporter -->
<testsuite skipped="0" hostname="AS-40" name="RTA.RTATest" tests="3" failures="0" timestamp="2023-01-31T11:08:09 EET" time="24.222" errors="0">
  <testcase name="confirmlocation" time="20.354" classname="RTA.RTATest"/>
  <system-out/>
  <testcase name="selectSubService" time="2.133" classname="RTA.RTATest"/>
  <system-out/>
  <testcase name="confirmSubService" time="1.735" classname="RTA.RTATest"/>
  <system-out/>
</testsuite> <!-- RTA.RTATest -->
