<?xml version="1.0" encoding="UTF-8"?>
<!-- Generated by org.testng.reporters.JUnitReportReporter -->
<testsuite skipped="0" hostname="AS-40" name="DubaiPoliceAccount.UpdateImpoundTest" tests="1" failures="0" timestamp="2023-01-25T13:23:34 EET" time="1.693" errors="0">
  <testcase name="ClickeditImpoundTest" time="1.693" classname="DubaiPoliceAccount.UpdateImpoundTest"/>
  <system-out/>
</testsuite> <!-- DubaiPoliceAccount.UpdateImpoundTest -->
