<?xml version="1.0" encoding="UTF-8"?>
<!-- Generated by org.testng.reporters.JUnitReportReporter -->
<testsuite skipped="0" hostname="AS-40" name="RTA.UpdateYearTest" tests="2" failures="0" timestamp="2023-01-29T14:35:03 EET" time="4.457" errors="0">
  <testcase name="ClickYearTest" time="2.661" classname="RTA.UpdateYearTest"/>
  <system-out/>
  <testcase name="SelectYearItemTest" time="1.796" classname="RTA.UpdateYearTest"/>
  <system-out/>
</testsuite> <!-- RTA.UpdateYearTest -->
