<?xml version="1.0" encoding="UTF-8"?>
<!-- Generated by org.testng.reporters.JUnitReportReporter -->
<testsuite skipped="0" hostname="AS-40" name="common.allowLocationPermissionTest" tests="1" failures="0" timestamp="2023-01-31T11:08:09 EET" time="4.630" errors="0">
  <testcase name="clcallowLocationPermissionTestLogin" time="4.630" classname="common.allowLocationPermissionTest"/>
  <system-out/>
</testsuite> <!-- common.allowLocationPermissionTest -->
