<?xml version="1.0" encoding="UTF-8"?>
<!-- Generated by org.testng.reporters.JUnitReportReporter -->
<testsuite skipped="0" hostname="AS-40" name="Fujirah_FleetAndAdmin.Admin_GetGobId_Test" tests="5" failures="0" timestamp="2023-01-23T14:34:11 EET" time="48.199" errors="0">
  <testcase name="setup" time="5.246" classname="Fujirah_FleetAndAdmin.Admin_GetGobId_Test"/>
  <system-out/>
  <testcase name="loginTest" time="9.213" classname="Fujirah_FleetAndAdmin.Admin_GetGobId_Test"/>
  <system-out/>
  <testcase name="OpenRequest" time="14.140" classname="Fujirah_FleetAndAdmin.Admin_GetGobId_Test"/>
  <system-out/>
  <testcase name="SearchWithMobileNumber" time="16.508" classname="Fujirah_FleetAndAdmin.Admin_GetGobId_Test"/>
  <system-out/>
  <testcase name="GetRequestAndJobOrderID" time="3.092" classname="Fujirah_FleetAndAdmin.Admin_GetGobId_Test"/>
  <system-out/>
</testsuite> <!-- Fujirah_FleetAndAdmin.Admin_GetGobId_Test -->
