<?xml version="1.0" encoding="UTF-8"?>
<!-- Generated by org.testng.reporters.JUnitReportReporter -->
<testsuite skipped="0" hostname="AS-40" name="driverApi.API_Driver_vehiclepickedup_Test" tests="2" failures="0" timestamp="2022-03-30T13:19:13 EET" time="12.546" errors="0">
  <testcase name="verifyqrcode" time="6.050" classname="driverApi.API_Driver_vehiclepickedup_Test"/>
  <system-out/>
  <testcase name="vehiclepickedup" time="6.496" classname="driverApi.API_Driver_vehiclepickedup_Test"/>
  <system-out/>
</testsuite> <!-- driverApi.API_Driver_vehiclepickedup_Test -->
