<?xml version="1.0" encoding="UTF-8"?>
<!-- Generated by org.testng.reporters.JUnitReportReporter -->
<testsuite skipped="0" hostname="AS-40" name="fleetAndAdmin.OpenAdminAndGetJobOrderIdRequestIDTest" tests="1" failures="0" timestamp="2022-03-27T08:38:22 EET" time="19.190" errors="0">
  <testcase name="OpenAdminURL" time="19.190" classname="fleetAndAdmin.OpenAdminAndGetJobOrderIdRequestIDTest"/>
  <system-out/>
</testsuite> <!-- fleetAndAdmin.OpenAdminAndGetJobOrderIdRequestIDTest -->
