<?xml version="1.0" encoding="UTF-8"?>
<!-- Generated by org.testng.reporters.JUnitReportReporter -->
<testsuite skipped="0" hostname="AS-40" name="DubaiPoliceAccount.UpdateColorTest" tests="2" failures="0" timestamp="2023-01-25T13:23:34 EET" time="3.934" errors="0">
  <testcase name="ClickColorTest" time="2.064" classname="DubaiPoliceAccount.UpdateColorTest"/>
  <system-out/>
  <testcase name="UpdateColorItemTest" time="1.870" classname="DubaiPoliceAccount.UpdateColorTest"/>
  <system-out/>
</testsuite> <!-- DubaiPoliceAccount.UpdateColorTest -->
