<?xml version="1.0" encoding="UTF-8"?>
<!-- Generated by org.testng.reporters.JUnitReportReporter -->
<testsuite skipped="0" hostname="AS-40" name="DubaiPoliceAccount.DownloadAndShareTest" tests="3" failures="0" timestamp="2023-01-25T13:23:34 EET" time="5.837" errors="0">
  <testcase name="ClickDownloadTest" time="1.696" classname="DubaiPoliceAccount.DownloadAndShareTest"/>
  <system-out/>
  <testcase name="ClickShareTest" time="1.842" classname="DubaiPoliceAccount.DownloadAndShareTest"/>
  <system-out/>
  <testcase name="CopyLinkTest" time="2.299" classname="DubaiPoliceAccount.DownloadAndShareTest"/>
  <system-out/>
</testsuite> <!-- DubaiPoliceAccount.DownloadAndShareTest -->
