<?xml version="1.0" encoding="UTF-8"?>
<!-- Generated by org.testng.reporters.JUnitReportReporter -->
<testsuite skipped="0" hostname="AS-40" name="RTA.SummeryHappyPathTest" tests="1" failures="0" timestamp="2023-01-31T11:08:09 EET" time="21.694" errors="0">
  <testcase name="confirmSummery" time="21.694" classname="RTA.SummeryHappyPathTest"/>
  <system-out/>
</testsuite> <!-- RTA.SummeryHappyPathTest -->
