<?xml version="1.0" encoding="UTF-8"?>
<!-- Generated by org.testng.reporters.JUnitReportReporter -->
<testsuite skipped="0" hostname="AS-40" name="Fujirah_FleetAndAdmin.Fleet_Towing_AssignRequest_Test" tests="8" failures="0" timestamp="2023-01-23T14:34:11 EET" time="73.650" errors="0">
  <testcase name="setup" time="5.779" classname="Fujirah_FleetAndAdmin.Fleet_Towing_AssignRequest_Test"/>
  <system-out/>
  <testcase name="loginTest" time="25.486" classname="Fujirah_FleetAndAdmin.Fleet_Towing_AssignRequest_Test"/>
  <system-out/>
  <testcase name="SearchWithjoborderId" time="0.129" classname="Fujirah_FleetAndAdmin.Fleet_Towing_AssignRequest_Test"/>
  <system-out/>
  <testcase name="Clickdetails" time="5.168" classname="Fujirah_FleetAndAdmin.Fleet_Towing_AssignRequest_Test"/>
  <system-out/>
  <testcase name="clcikAssignbutton" time="8.193" classname="Fujirah_FleetAndAdmin.Fleet_Towing_AssignRequest_Test"/>
  <system-out/>
  <testcase name="SerchWithdriverName" time="3.210" classname="Fujirah_FleetAndAdmin.Fleet_Towing_AssignRequest_Test"/>
  <system-out/>
  <testcase name="selectdriverfromList" time="20.497" classname="Fujirah_FleetAndAdmin.Fleet_Towing_AssignRequest_Test"/>
  <system-out/>
  <testcase name="confirmAssign" time="5.188" classname="Fujirah_FleetAndAdmin.Fleet_Towing_AssignRequest_Test"/>
  <system-out/>
</testsuite> <!-- Fujirah_FleetAndAdmin.Fleet_Towing_AssignRequest_Test -->
