<?xml version="1.0" encoding="UTF-8"?>
<!-- Generated by org.testng.reporters.JUnitReportReporter -->
<testsuite skipped="0" hostname="AS-40" name="common.FristItemCompleteTest" tests="2" failures="0" timestamp="2023-01-30T16:17:06 EET" time="4.131" errors="0">
  <testcase name="ClickFristItem" time="2.115" classname="common.FristItemCompleteTest"/>
  <system-out/>
  <testcase name="completeData" time="2.016" classname="common.FristItemCompleteTest"/>
  <system-out/>
</testsuite> <!-- common.FristItemCompleteTest -->
