<?xml version="1.0" encoding="UTF-8"?>
<!-- Generated by org.testng.reporters.JUnitReportReporter -->
<testsuite skipped="0" hostname="AS-40" name="RTA.OwnerInvalidDataTest" tests="1" failures="0" timestamp="2023-01-26T00:10:14 EET" time="2.371" errors="0">
  <testcase name="AddOwnerInvalidNameTest" time="2.371" classname="RTA.OwnerInvalidDataTest"/>
  <system-out/>
</testsuite> <!-- RTA.OwnerInvalidDataTest -->
