<?xml version="1.0" encoding="UTF-8"?>
<!-- Generated by org.testng.reporters.JUnitReportReporter -->
<testsuite skipped="0" hostname="AS-40" name="Dubai_FleetAndAdmin.Cancel_From_Fleet_Test" tests="8" failures="0" timestamp="2023-01-11T15:57:43 EET" time="57.940" errors="0">
  <testcase name="setup" time="5.578" classname="Dubai_FleetAndAdmin.Cancel_From_Fleet_Test"/>
  <system-out/>
  <testcase name="loginTest" time="26.186" classname="Dubai_FleetAndAdmin.Cancel_From_Fleet_Test"/>
  <system-out/>
  <testcase name="SearchWithjoborderId" time="0.173" classname="Dubai_FleetAndAdmin.Cancel_From_Fleet_Test"/>
  <system-out/>
  <testcase name="clcikAction" time="5.188" classname="Dubai_FleetAndAdmin.Cancel_From_Fleet_Test"/>
  <system-out/>
  <testcase name="Clickdetails" time="5.159" classname="Dubai_FleetAndAdmin.Cancel_From_Fleet_Test"/>
  <system-out/>
  <testcase name="clcikCancelbutton" time="5.183" classname="Dubai_FleetAndAdmin.Cancel_From_Fleet_Test"/>
  <system-out/>
  <testcase name="addnote" time="5.306" classname="Dubai_FleetAndAdmin.Cancel_From_Fleet_Test"/>
  <system-out/>
  <testcase name="canceljob" time="5.167" classname="Dubai_FleetAndAdmin.Cancel_From_Fleet_Test"/>
  <system-out/>
</testsuite> <!-- Dubai_FleetAndAdmin.Cancel_From_Fleet_Test -->
