<?xml version="1.0" encoding="UTF-8"?>
<!-- Generated by org.testng.reporters.JUnitReportReporter -->
<testsuite skipped="0" hostname="AS-40" name="driverApi.API_Driver_StartDay_Test" tests="1" failures="0" timestamp="2023-01-05T11:47:09 EET" time="2.610" errors="0">
  <testcase name="startday" time="2.610" classname="driverApi.API_Driver_StartDay_Test"/>
  <system-out/>
</testsuite> <!-- driverApi.API_Driver_StartDay_Test -->
