<?xml version="1.0" encoding="UTF-8"?>
<!-- Generated by org.testng.reporters.JUnitReportReporter -->
<testsuite skipped="0" hostname="AS-40" name="DubaiPoliceAccount.CaptureVehicleImageTest" tests="12" failures="0" timestamp="2023-01-25T12:03:14 EET" time="33.143" errors="0">
  <testcase name="ClicktakeImage" time="3.771" classname="DubaiPoliceAccount.CaptureVehicleImageTest"/>
  <system-out/>
  <testcase name="cameraTakeImage" time="2.533" classname="DubaiPoliceAccount.CaptureVehicleImageTest"/>
  <system-out/>
  <testcase name="ConfirmImage" time="1.809" classname="DubaiPoliceAccount.CaptureVehicleImageTest"/>
  <system-out/>
  <testcase name="clcikContentImage" time="2.199" classname="DubaiPoliceAccount.CaptureVehicleImageTest"/>
  <system-out/>
  <testcase name="delImage" time="1.665" classname="DubaiPoliceAccount.CaptureVehicleImageTest"/>
  <system-out/>
  <testcase name="ClicktakeImage2" time="2.623" classname="DubaiPoliceAccount.CaptureVehicleImageTest"/>
  <system-out/>
  <testcase name="cameraTakeImage2" time="3.709" classname="DubaiPoliceAccount.CaptureVehicleImageTest"/>
  <system-out/>
  <testcase name="ConfirmImage2" time="3.054" classname="DubaiPoliceAccount.CaptureVehicleImageTest"/>
  <system-out/>
  <testcase name="clcikContentImage2" time="3.306" classname="DubaiPoliceAccount.CaptureVehicleImageTest"/>
  <system-out/>
  <testcase name="RetakeImage" time="2.861" classname="DubaiPoliceAccount.CaptureVehicleImageTest"/>
  <system-out/>
  <testcase name="cameraTakeImage3" time="2.572" classname="DubaiPoliceAccount.CaptureVehicleImageTest"/>
  <system-out/>
  <testcase name="ConfirmImage3" time="3.041" classname="DubaiPoliceAccount.CaptureVehicleImageTest"/>
  <system-out/>
</testsuite> <!-- DubaiPoliceAccount.CaptureVehicleImageTest -->
