<?xml version="1.0" encoding="UTF-8"?>
<!-- Generated by org.testng.reporters.JUnitReportReporter -->
<testsuite skipped="0" hostname="AS-40" name="DubaiPoliceAccount.UpdateOwnerDataSectionTest" tests="7" failures="0" timestamp="2023-01-25T13:23:34 EET" time="15.251" errors="0">
  <testcase name="AddOwnerNameTest" time="2.425" classname="DubaiPoliceAccount.UpdateOwnerDataSectionTest"/>
  <system-out/>
  <testcase name="AddOwnerMobileNumberTest" time="2.557" classname="DubaiPoliceAccount.UpdateOwnerDataSectionTest"/>
  <system-out/>
  <testcase name="AddLicenceNumberTest" time="2.131" classname="DubaiPoliceAccount.UpdateOwnerDataSectionTest"/>
  <system-out/>
  <testcase name="AddLicenceIssueDate" time="1.597" classname="DubaiPoliceAccount.UpdateOwnerDataSectionTest"/>
  <system-out/>
  <testcase name="Clcikcalenderday" time="2.558" classname="DubaiPoliceAccount.UpdateOwnerDataSectionTest"/>
  <system-out/>
  <testcase name="Clcikconfirmcalendar" time="2.130" classname="DubaiPoliceAccount.UpdateOwnerDataSectionTest"/>
  <system-out/>
  <testcase name="ConfirmOwnerdata" time="1.853" classname="DubaiPoliceAccount.UpdateOwnerDataSectionTest"/>
  <system-out/>
</testsuite> <!-- DubaiPoliceAccount.UpdateOwnerDataSectionTest -->
