<?xml version="1.0" encoding="UTF-8"?>
<!-- Generated by org.testng.reporters.JUnitReportReporter -->
<testsuite skipped="0" hostname="AS-40" name="RTA_FleetAndAdmin.Cancel_From_AdminRequest_Test" tests="8" failures="0" timestamp="2023-01-24T13:43:14 EET" time="45.828" errors="0">
  <testcase name="setup" time="3.629" classname="RTA_FleetAndAdmin.Cancel_From_AdminRequest_Test"/>
  <system-out/>
  <testcase name="loginTest" time="7.218" classname="RTA_FleetAndAdmin.Cancel_From_AdminRequest_Test"/>
  <system-out/>
  <testcase name="OpenRequest" time="12.169" classname="RTA_FleetAndAdmin.Cancel_From_AdminRequest_Test"/>
  <system-out/>
  <testcase name="SearchWithMobileNumber" time="16.559" classname="RTA_FleetAndAdmin.Cancel_From_AdminRequest_Test"/>
  <system-out/>
  <testcase name="GetRequestAndJobOrderID" time="3.072" classname="RTA_FleetAndAdmin.Cancel_From_AdminRequest_Test"/>
  <system-out/>
  <testcase name="OpenAction" time="1.068" classname="RTA_FleetAndAdmin.Cancel_From_AdminRequest_Test"/>
  <system-out/>
  <testcase name="Cancel" time="1.070" classname="RTA_FleetAndAdmin.Cancel_From_AdminRequest_Test"/>
  <system-out/>
  <testcase name="Confirm_cancel" time="1.043" classname="RTA_FleetAndAdmin.Cancel_From_AdminRequest_Test"/>
  <system-out/>
</testsuite> <!-- RTA_FleetAndAdmin.Cancel_From_AdminRequest_Test -->
