<?xml version="1.0" encoding="UTF-8"?>
<!-- Generated by org.testng.reporters.JUnitReportReporter -->
<testsuite skipped="0" hostname="AS-40" name="DubaiPoliceAccount.UpdateImpoundDataTest" tests="9" failures="0" timestamp="2023-01-25T13:23:34 EET" time="19.468" errors="0">
  <testcase name="AddMorgateToTest" time="2.219" classname="DubaiPoliceAccount.UpdateImpoundDataTest"/>
  <system-out/>
  <testcase name="AddReasonsTest" time="2.055" classname="DubaiPoliceAccount.UpdateImpoundDataTest"/>
  <system-out/>
  <testcase name="AddCaseNumberTest" time="1.800" classname="DubaiPoliceAccount.UpdateImpoundDataTest"/>
  <system-out/>
  <testcase name="AddNoteTest" time="2.525" classname="DubaiPoliceAccount.UpdateImpoundDataTest"/>
  <system-out/>
  <testcase name="scrolldownTest" time="2.150" classname="DubaiPoliceAccount.UpdateImpoundDataTest"/>
  <system-out/>
  <testcase name="SwitchCustodyToggleOFFTest" time="2.483" classname="DubaiPoliceAccount.UpdateImpoundDataTest"/>
  <system-out/>
  <testcase name="SwitchCustodyToggleONTest" time="1.726" classname="DubaiPoliceAccount.UpdateImpoundDataTest"/>
  <system-out/>
  <testcase name="AddCustodyNoteest" time="2.672" classname="DubaiPoliceAccount.UpdateImpoundDataTest"/>
  <system-out/>
  <testcase name="ConfirmImpounddataTest" time="1.838" classname="DubaiPoliceAccount.UpdateImpoundDataTest"/>
  <system-out/>
</testsuite> <!-- DubaiPoliceAccount.UpdateImpoundDataTest -->
