<?xml version="1.0" encoding="UTF-8"?>
<!-- Generated by org.testng.reporters.JUnitReportReporter -->
<testsuite skipped="0" hostname="AS-40" name="driverApi.Get_Driver_location1_Test" tests="9" failures="0" timestamp="2023-01-30T11:06:33 EET" time="633.613" errors="0">
  <testcase name="LocationdataProivder" time="11.310" classname="driverApi.Get_Driver_location1_Test"/>
  <system-out/>
  <testcase name="LocationdataProivder2" time="25.863" classname="driverApi.Get_Driver_location1_Test"/>
  <system-out/>
  <testcase name="LocationdataProivder3" time="40.781" classname="driverApi.Get_Driver_location1_Test"/>
  <system-out/>
  <testcase name="LocationdataProivder4" time="55.949" classname="driverApi.Get_Driver_location1_Test"/>
  <system-out/>
  <testcase name="LocationdataProivder5" time="70.882" classname="driverApi.Get_Driver_location1_Test"/>
  <system-out/>
  <testcase name="LocationdataProivder6" time="85.736" classname="driverApi.Get_Driver_location1_Test"/>
  <system-out/>
  <testcase name="vehiclepickedup" time="104.523" classname="driverApi.Get_Driver_location1_Test"/>
  <system-out/>
  <testcase name="LocationdataProivder8" time="112.606" classname="driverApi.Get_Driver_location1_Test"/>
  <system-out/>
  <testcase name="LocationdataProivder9" time="125.963" classname="driverApi.Get_Driver_location1_Test"/>
  <system-out/>
</testsuite> <!-- driverApi.Get_Driver_location1_Test -->
