<?xml version="1.0" encoding="UTF-8"?>
<!-- Generated by org.testng.reporters.JUnitReportReporter -->
<testsuite skipped="0" hostname="AS-40" name="RTA.ReasonTest" tests="3" failures="0" timestamp="2023-01-31T11:08:09 EET" time="4.925" errors="0">
  <testcase name="ClickReasondropdown" time="1.575" classname="RTA.ReasonTest"/>
  <system-out/>
  <testcase name="SelectItem" time="1.676" classname="RTA.ReasonTest"/>
  <system-out/>
  <testcase name="clickSave" time="1.674" classname="RTA.ReasonTest"/>
  <system-out/>
</testsuite> <!-- RTA.ReasonTest -->
