<?xml version="1.0" encoding="UTF-8"?>
<!-- Generated by org.testng.reporters.JUnitReportReporter -->
<testsuite skipped="0" hostname="AS-40" name="RTA.ContinueVehicleTest" tests="2" failures="0" timestamp="2023-01-30T15:49:56 EET" time="11.415" errors="0">
  <testcase name="confirmVehicleTest" time="1.640" classname="RTA.ContinueVehicleTest"/>
  <system-out/>
  <testcase name="finishTest" time="9.775" classname="RTA.ContinueVehicleTest"/>
  <system-out/>
</testsuite> <!-- RTA.ContinueVehicleTest -->
