<?xml version="1.0" encoding="UTF-8"?>
<!-- Generated by org.testng.reporters.JUnitReportReporter -->
<testsuite skipped="0" hostname="AS-40" name="Battery.NewFlow_addNormalBatteryRequestTest" tests="2" failures="0" timestamp="2023-01-29T11:56:11 EET" time="8.435" errors="0">
  <testcase name="DragServiceSheet" time="5.750" classname="Battery.NewFlow_addNormalBatteryRequestTest"/>
  <system-out/>
  <testcase name="SelectBattery" time="2.685" classname="Battery.NewFlow_addNormalBatteryRequestTest"/>
  <system-out/>
</testsuite> <!-- Battery.NewFlow_addNormalBatteryRequestTest -->
