<?xml version="1.0" encoding="UTF-8"?>
<!-- Generated by org.testng.reporters.JUnitReportReporter -->
<testsuite skipped="0" hostname="AS-40" name="visa.OpenFleetAndAssignRequestTest" tests="1" failures="0" timestamp="2022-12-14T16:01:27 EET" time="34.498" errors="0">
  <testcase name="Visa" time="34.498" classname="visa.OpenFleetAndAssignRequestTest"/>
  <system-out/>
</testsuite> <!-- visa.OpenFleetAndAssignRequestTest -->
