<?xml version="1.0" encoding="UTF-8"?>
<!-- Generated by org.testng.reporters.JUnitReportReporter -->
<testsuite skipped="0" hostname="AS-40" name="visa.VisaBaymentWTest" tests="3" failures="0" timestamp="2022-12-14T21:09:20 EET" time="74.368" errors="2">
  <testcase name="afterMethod" time="2.026" classname="visa.VisaBaymentWTest">
    <error type="org.openqa.selenium.NoSuchSessionException" message="A session is either terminated or not started
Build info: version: &#039;3.141.59&#039;, revision: &#039;e82be7d358&#039;, time: &#039;2018-11-14T08:17:03&#039;
System info: host: &#039;AS-40&#039;, ip: &#039;192.168.1.19&#039;, os.name: &#039;Windows 10&#039;, os.arch: &#039;amd64&#039;, os.version: &#039;10.0&#039;, java.version: &#039;1.8.0-262&#039;
Driver info: io.appium.java_client.android.AndroidDriver
Capabilities {AUTOMATION_NAME: UiAutomator2, app: C:\Users\amira\eclipse-work..., appActivity: com.eci.era.splash.presenta..., appPackage: com.eci.era, databaseEnabled: false, desired: {AUTOMATION_NAME: UiAutomator2, app: C:\Users\amira\eclipse-work..., appActivity: com.eci.era.splash.presenta..., appPackage: com.eci.era, deviceName: OPPO Reno2 F, enforceAppInstall: true, noSign: true, platformName: android, platformVersion: 11, skipServerInstallation: false, suppressKillServer: true, udid: TGKVHUK7LVOZS8E6}, deviceApiLevel: 30, deviceManufacturer: OPPO, deviceModel: CPH1989, deviceName: TGKVHUK7LVOZS8E6, deviceScreenDensity: 480, deviceScreenSize: 1080x2340, deviceUDID: TGKVHUK7LVOZS8E6, enforceAppInstall: true, javascriptEnabled: true, locationContextEnabled: false, networkConnectionEnabled: true, noSign: true, pixelRatio: 3, platform: LINUX, platformName: Android, platformVersion: 11, skipServerInstallation: false, statBarHeight: 96, suppressKillServer: true, takesScreenshot: true, udid: TGKVHUK7LVOZS8E6, viewportRect: {height: 2112, left: 0, top: 96, width: 1080}, warnings: {}, webStorageEnabled: false}
Session ID: 2d2dd16d-8898-4f37-9087-cefaf5524f71">
      <![CDATA[org.openqa.selenium.NoSuchSessionException: A session is either terminated or not started
Build info: version: '3.141.59', revision: 'e82be7d358', time: '2018-11-14T08:17:03'
System info: host: 'AS-40', ip: '192.168.1.19', os.name: 'Windows 10', os.arch: 'amd64', os.version: '10.0', java.version: '1.8.0-262'
Driver info: io.appium.java_client.android.AndroidDriver
Capabilities {AUTOMATION_NAME: UiAutomator2, app: C:\Users\amira\eclipse-work..., appActivity: com.eci.era.splash.presenta..., appPackage: com.eci.era, databaseEnabled: false, desired: {AUTOMATION_NAME: UiAutomator2, app: C:\Users\amira\eclipse-work..., appActivity: com.eci.era.splash.presenta..., appPackage: com.eci.era, deviceName: OPPO Reno2 F, enforceAppInstall: true, noSign: true, platformName: android, platformVersion: 11, skipServerInstallation: false, suppressKillServer: true, udid: TGKVHUK7LVOZS8E6}, deviceApiLevel: 30, deviceManufacturer: OPPO, deviceModel: CPH1989, deviceName: TGKVHUK7LVOZS8E6, deviceScreenDensity: 480, deviceScreenSize: 1080x2340, deviceUDID: TGKVHUK7LVOZS8E6, enforceAppInstall: true, javascriptEnabled: true, locationContextEnabled: false, networkConnectionEnabled: true, noSign: true, pixelRatio: 3, platform: LINUX, platformName: Android, platformVersion: 11, skipServerInstallation: false, statBarHeight: 96, suppressKillServer: true, takesScreenshot: true, udid: TGKVHUK7LVOZS8E6, viewportRect: {height: 2112, left: 0, top: 96, width: 1080}, warnings: {}, webStorageEnabled: false}
Session ID: 2d2dd16d-8898-4f37-9087-cefaf5524f71
at sun.reflect.NativeConstructorAccessorImpl.newInstance0(Native Method)
at sun.reflect.NativeConstructorAccessorImpl.newInstance(NativeConstructorAccessorImpl.java:62)
at sun.reflect.DelegatingConstructorAccessorImpl.newInstance(DelegatingConstructorAccessorImpl.java:45)
at java.lang.reflect.Constructor.newInstance(Constructor.java:423)
at org.openqa.selenium.remote.http.W3CHttpResponseCodec.createException(W3CHttpResponseCodec.java:187)
at org.openqa.selenium.remote.http.W3CHttpResponseCodec.decode(W3CHttpResponseCodec.java:122)
at org.openqa.selenium.remote.http.W3CHttpResponseCodec.decode(W3CHttpResponseCodec.java:49)
at org.openqa.selenium.remote.HttpCommandExecutor.execute(HttpCommandExecutor.java:158)
at io.appium.java_client.remote.AppiumCommandExecutor.execute(AppiumCommandExecutor.java:239)
at org.openqa.selenium.remote.RemoteWebDriver.execute(RemoteWebDriver.java:552)
at io.appium.java_client.DefaultGenericMobileDriver.execute(DefaultGenericMobileDriver.java:46)
at io.appium.java_client.AppiumDriver.execute(AppiumDriver.java:1)
at io.appium.java_client.android.AndroidDriver.execute(AndroidDriver.java:1)
at org.openqa.selenium.remote.RemoteWebDriver.getScreenshotAs(RemoteWebDriver.java:295)
at com.ERA.base.Base.afterMethod(Base.java:96)
at sun.reflect.NativeMethodAccessorImpl.invoke0(Native Method)
at sun.reflect.NativeMethodAccessorImpl.invoke(NativeMethodAccessorImpl.java:62)
at sun.reflect.DelegatingMethodAccessorImpl.invoke(DelegatingMethodAccessorImpl.java:43)
at java.lang.reflect.Method.invoke(Method.java:498)
at org.testng.internal.MethodInvocationHelper.invokeMethod(MethodInvocationHelper.java:133)
at org.testng.internal.MethodInvocationHelper.invokeMethodConsideringTimeout(MethodInvocationHelper.java:62)
at org.testng.internal.ConfigInvoker.invokeConfigurationMethod(ConfigInvoker.java:385)
at org.testng.internal.ConfigInvoker.invokeConfigurations(ConfigInvoker.java:321)
at org.testng.internal.TestInvoker.runConfigMethods(TestInvoker.java:700)
at org.testng.internal.TestInvoker.runAfterGroupsConfigurations(TestInvoker.java:676)
at org.testng.internal.TestInvoker.invokeMethod(TestInvoker.java:660)
at org.testng.internal.TestInvoker.invokeTestMethod(TestInvoker.java:173)
at org.testng.internal.MethodRunner.runInSequence(MethodRunner.java:46)
at org.testng.internal.TestInvoker$MethodInvocationAgent.invoke(TestInvoker.java:824)
at org.testng.internal.TestInvoker.invokeTestMethods(TestInvoker.java:146)
at org.testng.internal.TestMethodWorker.invokeTestMethods(TestMethodWorker.java:146)
at org.testng.internal.TestMethodWorker.run(TestMethodWorker.java:128)
at java.util.ArrayList.forEach(ArrayList.java:1259)
at org.testng.TestRunner.privateRun(TestRunner.java:794)
at org.testng.TestRunner.run(TestRunner.java:596)
at org.testng.SuiteRunner.runTest(SuiteRunner.java:377)
at org.testng.SuiteRunner.runSequentially(SuiteRunner.java:371)
at org.testng.SuiteRunner.privateRun(SuiteRunner.java:332)
at org.testng.SuiteRunner.run(SuiteRunner.java:276)
at org.testng.SuiteRunnerWorker.runSuite(SuiteRunnerWorker.java:53)
at org.testng.SuiteRunnerWorker.run(SuiteRunnerWorker.java:96)
at org.testng.TestNG.runSuitesSequentially(TestNG.java:1212)
at org.testng.TestNG.runSuitesLocally(TestNG.java:1134)
at org.testng.TestNG.runSuites(TestNG.java:1063)
at org.testng.TestNG.run(TestNG.java:1031)
at org.testng.remote.AbstractRemoteTestNG.run(AbstractRemoteTestNG.java:115)
at org.testng.remote.RemoteTestNG.initAndRun(RemoteTestNG.java:251)
at org.testng.remote.RemoteTestNG.main(RemoteTestNG.java:77)
]]>
    </error>
  </testcase> <!-- afterMethod -->
  <system-out/>
  <testcase name="afterTest" time="0.009" classname="visa.VisaBaymentWTest">
    <error type="org.openqa.selenium.NoSuchSessionException" message="A session is either terminated or not started
Build info: version: &#039;3.141.59&#039;, revision: &#039;e82be7d358&#039;, time: &#039;2018-11-14T08:17:03&#039;
System info: host: &#039;AS-40&#039;, ip: &#039;192.168.1.19&#039;, os.name: &#039;Windows 10&#039;, os.arch: &#039;amd64&#039;, os.version: &#039;10.0&#039;, java.version: &#039;1.8.0-262&#039;
Driver info: io.appium.java_client.android.AndroidDriver
Capabilities {AUTOMATION_NAME: UiAutomator2, app: C:\Users\amira\eclipse-work..., appActivity: com.eci.era.splash.presenta..., appPackage: com.eci.era, databaseEnabled: false, desired: {AUTOMATION_NAME: UiAutomator2, app: C:\Users\amira\eclipse-work..., appActivity: com.eci.era.splash.presenta..., appPackage: com.eci.era, deviceName: OPPO Reno2 F, enforceAppInstall: true, noSign: true, platformName: android, platformVersion: 11, skipServerInstallation: false, suppressKillServer: true, udid: TGKVHUK7LVOZS8E6}, deviceApiLevel: 30, deviceManufacturer: OPPO, deviceModel: CPH1989, deviceName: TGKVHUK7LVOZS8E6, deviceScreenDensity: 480, deviceScreenSize: 1080x2340, deviceUDID: TGKVHUK7LVOZS8E6, enforceAppInstall: true, javascriptEnabled: true, locationContextEnabled: false, networkConnectionEnabled: true, noSign: true, pixelRatio: 3, platform: LINUX, platformName: Android, platformVersion: 11, skipServerInstallation: false, statBarHeight: 96, suppressKillServer: true, takesScreenshot: true, udid: TGKVHUK7LVOZS8E6, viewportRect: {height: 2112, left: 0, top: 96, width: 1080}, warnings: {}, webStorageEnabled: false}
Session ID: 2d2dd16d-8898-4f37-9087-cefaf5524f71">
      <![CDATA[org.openqa.selenium.NoSuchSessionException: A session is either terminated or not started
Build info: version: '3.141.59', revision: 'e82be7d358', time: '2018-11-14T08:17:03'
System info: host: 'AS-40', ip: '192.168.1.19', os.name: 'Windows 10', os.arch: 'amd64', os.version: '10.0', java.version: '1.8.0-262'
Driver info: io.appium.java_client.android.AndroidDriver
Capabilities {AUTOMATION_NAME: UiAutomator2, app: C:\Users\amira\eclipse-work..., appActivity: com.eci.era.splash.presenta..., appPackage: com.eci.era, databaseEnabled: false, desired: {AUTOMATION_NAME: UiAutomator2, app: C:\Users\amira\eclipse-work..., appActivity: com.eci.era.splash.presenta..., appPackage: com.eci.era, deviceName: OPPO Reno2 F, enforceAppInstall: true, noSign: true, platformName: android, platformVersion: 11, skipServerInstallation: false, suppressKillServer: true, udid: TGKVHUK7LVOZS8E6}, deviceApiLevel: 30, deviceManufacturer: OPPO, deviceModel: CPH1989, deviceName: TGKVHUK7LVOZS8E6, deviceScreenDensity: 480, deviceScreenSize: 1080x2340, deviceUDID: TGKVHUK7LVOZS8E6, enforceAppInstall: true, javascriptEnabled: true, locationContextEnabled: false, networkConnectionEnabled: true, noSign: true, pixelRatio: 3, platform: LINUX, platformName: Android, platformVersion: 11, skipServerInstallation: false, statBarHeight: 96, suppressKillServer: true, takesScreenshot: true, udid: TGKVHUK7LVOZS8E6, viewportRect: {height: 2112, left: 0, top: 96, width: 1080}, warnings: {}, webStorageEnabled: false}
Session ID: 2d2dd16d-8898-4f37-9087-cefaf5524f71
at sun.reflect.NativeConstructorAccessorImpl.newInstance0(Native Method)
at sun.reflect.NativeConstructorAccessorImpl.newInstance(NativeConstructorAccessorImpl.java:62)
at sun.reflect.DelegatingConstructorAccessorImpl.newInstance(DelegatingConstructorAccessorImpl.java:45)
at java.lang.reflect.Constructor.newInstance(Constructor.java:423)
at org.openqa.selenium.remote.http.W3CHttpResponseCodec.createException(W3CHttpResponseCodec.java:187)
at org.openqa.selenium.remote.http.W3CHttpResponseCodec.decode(W3CHttpResponseCodec.java:122)
at org.openqa.selenium.remote.http.W3CHttpResponseCodec.decode(W3CHttpResponseCodec.java:49)
at org.openqa.selenium.remote.HttpCommandExecutor.execute(HttpCommandExecutor.java:158)
at io.appium.java_client.remote.AppiumCommandExecutor.execute(AppiumCommandExecutor.java:239)
at org.openqa.selenium.remote.RemoteWebDriver.execute(RemoteWebDriver.java:552)
at io.appium.java_client.DefaultGenericMobileDriver.execute(DefaultGenericMobileDriver.java:46)
at io.appium.java_client.AppiumDriver.execute(AppiumDriver.java:1)
at io.appium.java_client.android.AndroidDriver.execute(AndroidDriver.java:1)
at org.openqa.selenium.remote.RemoteWebDriver.quit(RemoteWebDriver.java:452)
at com.ERA.base.Base.afterTest(Base.java:566)
at sun.reflect.NativeMethodAccessorImpl.invoke0(Native Method)
at sun.reflect.NativeMethodAccessorImpl.invoke(NativeMethodAccessorImpl.java:62)
at sun.reflect.DelegatingMethodAccessorImpl.invoke(DelegatingMethodAccessorImpl.java:43)
at java.lang.reflect.Method.invoke(Method.java:498)
at org.testng.internal.MethodInvocationHelper.invokeMethod(MethodInvocationHelper.java:133)
at org.testng.internal.MethodInvocationHelper.invokeMethodConsideringTimeout(MethodInvocationHelper.java:62)
at org.testng.internal.ConfigInvoker.invokeConfigurationMethod(ConfigInvoker.java:385)
at org.testng.internal.ConfigInvoker.invokeConfigurations(ConfigInvoker.java:321)
at org.testng.TestRunner.invokeTestConfigurations(TestRunner.java:637)
at org.testng.TestRunner.afterRun(TestRunner.java:877)
at org.testng.TestRunner.run(TestRunner.java:599)
at org.testng.SuiteRunner.runTest(SuiteRunner.java:377)
at org.testng.SuiteRunner.runSequentially(SuiteRunner.java:371)
at org.testng.SuiteRunner.privateRun(SuiteRunner.java:332)
at org.testng.SuiteRunner.run(SuiteRunner.java:276)
at org.testng.SuiteRunnerWorker.runSuite(SuiteRunnerWorker.java:53)
at org.testng.SuiteRunnerWorker.run(SuiteRunnerWorker.java:96)
at org.testng.TestNG.runSuitesSequentially(TestNG.java:1212)
at org.testng.TestNG.runSuitesLocally(TestNG.java:1134)
at org.testng.TestNG.runSuites(TestNG.java:1063)
at org.testng.TestNG.run(TestNG.java:1031)
at org.testng.remote.AbstractRemoteTestNG.run(AbstractRemoteTestNG.java:115)
at org.testng.remote.RemoteTestNG.initAndRun(RemoteTestNG.java:251)
at org.testng.remote.RemoteTestNG.main(RemoteTestNG.java:77)
]]>
    </error>
  </testcase> <!-- afterTest -->
  <system-out/>
  <testcase name="Visa" time="72.333" classname="visa.VisaBaymentWTest"/>
  <system-out/>
</testsuite> <!-- visa.VisaBaymentWTest -->
