<?xml version="1.0" encoding="UTF-8"?>
<!-- Generated by org.testng.reporters.JUnitReportReporter -->
<testsuite skipped="0" hostname="AS-40" name="RTA.UpdatePlateDataSectionTest" tests="1" failures="0" timestamp="2023-01-29T14:35:03 EET" time="1.737" errors="0">
  <testcase name="ClickownerdataTest" time="1.737" classname="RTA.UpdatePlateDataSectionTest"/>
  <system-out/>
</testsuite> <!-- RTA.UpdatePlateDataSectionTest -->
