<?xml version="1.0" encoding="UTF-8"?>
<!-- Generated by org.testng.reporters.JUnitReportReporter -->
<testsuite skipped="0" hostname="AS-40" name="FujirahAccount.Select_Scheduled_CollectDate_Test" tests="1" failures="0" timestamp="2023-01-23T13:43:43 EET" time="1.789" errors="0">
  <testcase name="SelectNowCollectDate" time="1.789" classname="FujirahAccount.Select_Scheduled_CollectDate_Test"/>
  <system-out/>
</testsuite> <!-- FujirahAccount.Select_Scheduled_CollectDate_Test -->
