<?xml version="1.0" encoding="UTF-8"?>
<!-- Generated by org.testng.reporters.JUnitReportReporter -->
<testsuite skipped="0" hostname="AS-40" name="DubaiPoliceAccount.VehicleMakeAndModelTest" tests="6" failures="0" timestamp="2023-01-25T12:03:14 EET" time="11.579" errors="0">
  <testcase name="SelectMakeTest" time="1.965" classname="DubaiPoliceAccount.VehicleMakeAndModelTest"/>
  <system-out/>
  <testcase name="dragsheetTest" time="2.271" classname="DubaiPoliceAccount.VehicleMakeAndModelTest"/>
  <system-out/>
  <testcase name="SelectMakeItemTest" time="1.893" classname="DubaiPoliceAccount.VehicleMakeAndModelTest"/>
  <system-out/>
  <testcase name="SelectModelTest" time="1.765" classname="DubaiPoliceAccount.VehicleMakeAndModelTest"/>
  <system-out/>
  <testcase name="SelectModelItemTest" time="1.723" classname="DubaiPoliceAccount.VehicleMakeAndModelTest"/>
  <system-out/>
  <testcase name="scrolldownTest" time="1.962" classname="DubaiPoliceAccount.VehicleMakeAndModelTest"/>
  <system-out/>
</testsuite> <!-- DubaiPoliceAccount.VehicleMakeAndModelTest -->
