<?xml version="1.0" encoding="UTF-8"?>
<!-- Generated by org.testng.reporters.JUnitReportReporter -->
<testsuite skipped="0" hostname="AS-40" name="RTA.ImageHappyPathTest" tests="5" failures="0" timestamp="2023-01-31T11:08:09 EET" time="12.609" errors="0">
  <testcase name="takeImage" time="1.497" classname="RTA.ImageHappyPathTest"/>
  <system-out/>
  <testcase name="allowcameraPermission" time="3.033" classname="RTA.ImageHappyPathTest"/>
  <system-out/>
  <testcase name="cameraTakeImage" time="2.659" classname="RTA.ImageHappyPathTest"/>
  <system-out/>
  <testcase name="ConfirmImage" time="1.867" classname="RTA.ImageHappyPathTest"/>
  <system-out/>
  <testcase name="ConfirmImagebutton" time="3.553" classname="RTA.ImageHappyPathTest"/>
  <system-out/>
</testsuite> <!-- RTA.ImageHappyPathTest -->
