<?xml version="1.0" encoding="UTF-8"?>
<!-- Generated by org.testng.reporters.JUnitReportReporter -->
<testsuite skipped="0" hostname="AS-40" name="DubaiPoliceAccount.CompleteVehicleDataInfoTest" tests="2" failures="0" timestamp="2023-01-25T12:03:14 EET" time="3.356" errors="0">
  <testcase name="confirmRequestCompletedTest" time="1.639" classname="DubaiPoliceAccount.CompleteVehicleDataInfoTest"/>
  <system-out/>
  <testcase name="clcikcompletebuttonTest" time="1.717" classname="DubaiPoliceAccount.CompleteVehicleDataInfoTest"/>
  <system-out/>
</testsuite> <!-- DubaiPoliceAccount.CompleteVehicleDataInfoTest -->
