<?xml version="1.0" encoding="UTF-8"?>
<!-- Generated by org.testng.reporters.JUnitReportReporter -->
<testsuite skipped="0" hostname="AS-40" name="Battery.addNormalBatteryRequestTest" tests="7" failures="0" timestamp="2022-03-27T09:27:09 EET" time="63.694" errors="0">
  <testcase name="MoveMap" time="9.373" classname="Battery.addNormalBatteryRequestTest"/>
  <system-out/>
  <testcase name="DragServiceSheet" time="9.602" classname="Battery.addNormalBatteryRequestTest"/>
  <system-out/>
  <testcase name="SelectBattery" time="8.738" classname="Battery.addNormalBatteryRequestTest"/>
  <system-out/>
  <testcase name="ConfirmSummery" time="9.018" classname="Battery.addNormalBatteryRequestTest"/>
  <system-out/>
  <testcase name="ConfirmBaymnet" time="9.086" classname="Battery.addNormalBatteryRequestTest"/>
  <system-out/>
  <testcase name="CancelLink" time="9.254" classname="Battery.addNormalBatteryRequestTest"/>
  <system-out/>
  <testcase name="CancelBn" time="8.623" classname="Battery.addNormalBatteryRequestTest"/>
  <system-out/>
</testsuite> <!-- Battery.addNormalBatteryRequestTest -->
