<?xml version="1.0" encoding="UTF-8"?>
<!-- Generated by org.testng.reporters.JUnitReportReporter -->
<testsuite skipped="0" hostname="AS-40" name="RTA.UpdateitemTest" tests="5" failures="0" timestamp="2023-01-30T16:17:06 EET" time="9.724" errors="0">
  <testcase name="UpdateIcon" time="1.999" classname="RTA.UpdateitemTest"/>
  <system-out/>
  <testcase name="ClickReasondropdown" time="1.768" classname="RTA.UpdateitemTest"/>
  <system-out/>
  <testcase name="SelectItem" time="1.785" classname="RTA.UpdateitemTest"/>
  <system-out/>
  <testcase name="SEdititemname" time="2.453" classname="RTA.UpdateitemTest"/>
  <system-out/>
  <testcase name="clickSave" time="1.719" classname="RTA.UpdateitemTest"/>
  <system-out/>
</testsuite> <!-- RTA.UpdateitemTest -->
