<?xml version="1.0" encoding="UTF-8"?>
<!-- Generated by org.testng.reporters.JUnitReportReporter -->
<testsuite skipped="0" hostname="AS-40" name="DubaiPoliceAccount.InvalidOwnerDataTest" tests="11" failures="0" timestamp="2023-01-25T11:25:58 EET" time="21.418" errors="0">
  <testcase name="ConfirmOwnerdatawithoutAddValue" time="2.323" classname="DubaiPoliceAccount.InvalidOwnerDataTest"/>
  <system-out/>
  <testcase name="AssertMobileNumberTest" time="1.633" classname="DubaiPoliceAccount.InvalidOwnerDataTest"/>
  <system-out/>
  <testcase name="AssertOwnerNameTest" time="1.622" classname="DubaiPoliceAccount.InvalidOwnerDataTest"/>
  <system-out/>
  <testcase name="AddOwnerNameTest" time="2.312" classname="DubaiPoliceAccount.InvalidOwnerDataTest"/>
  <system-out/>
  <testcase name="AddOwnerMobileNumberTest" time="2.118" classname="DubaiPoliceAccount.InvalidOwnerDataTest"/>
  <system-out/>
  <testcase name="AddLicenceNumberTest" time="2.104" classname="DubaiPoliceAccount.InvalidOwnerDataTest"/>
  <system-out/>
  <testcase name="AddLicenceIssueDate" time="1.715" classname="DubaiPoliceAccount.InvalidOwnerDataTest"/>
  <system-out/>
  <testcase name="Clcikcalenderday" time="2.373" classname="DubaiPoliceAccount.InvalidOwnerDataTest"/>
  <system-out/>
  <testcase name="Clcikconfirmcalendar" time="1.912" classname="DubaiPoliceAccount.InvalidOwnerDataTest"/>
  <system-out/>
  <testcase name="ConfirmOwnerdata" time="1.700" classname="DubaiPoliceAccount.InvalidOwnerDataTest"/>
  <system-out/>
  <testcase name="AssertIssueLicenseTest" time="1.606" classname="DubaiPoliceAccount.InvalidOwnerDataTest"/>
  <system-out/>
</testsuite> <!-- DubaiPoliceAccount.InvalidOwnerDataTest -->
