<?xml version="1.0" encoding="UTF-8"?>
<!-- Generated by org.testng.reporters.JUnitReportReporter -->
<testsuite skipped="0" hostname="AS-40" name="DubaiPoliceAccount.RequestCancelFromAppTest" tests="5" failures="0" timestamp="2023-01-22T10:28:04 EET" time="20.643" errors="0">
  <testcase name="ClickFristItemRequestHistory" time="2.399" classname="DubaiPoliceAccount.RequestCancelFromAppTest"/>
  <system-out/>
  <testcase name="preformScrollAction" time="2.301" classname="DubaiPoliceAccount.RequestCancelFromAppTest"/>
  <system-out/>
  <testcase name="CancelRequestFromAppTest" time="2.341" classname="DubaiPoliceAccount.RequestCancelFromAppTest"/>
  <system-out/>
  <testcase name="confirmCancelRequestFromAppTest" time="1.773" classname="DubaiPoliceAccount.RequestCancelFromAppTest"/>
  <system-out/>
  <testcase name="AssertCancelStatus" time="11.829" classname="DubaiPoliceAccount.RequestCancelFromAppTest"/>
  <system-out/>
</testsuite> <!-- DubaiPoliceAccount.RequestCancelFromAppTest -->
