<?xml version="1.0" encoding="UTF-8"?>
<!-- Generated by org.testng.reporters.JUnitReportReporter -->
<testsuite skipped="0" hostname="AS-40" name="RTA.CaptureVehicleImageTest" tests="12" failures="0" timestamp="2023-01-31T11:08:09 EET" time="43.326" errors="0">
  <testcase name="ClicktakeImage" time="11.476" classname="RTA.CaptureVehicleImageTest"/>
  <system-out/>
  <testcase name="cameraTakeImage" time="4.414" classname="RTA.CaptureVehicleImageTest"/>
  <system-out/>
  <testcase name="ConfirmImage" time="3.549" classname="RTA.CaptureVehicleImageTest"/>
  <system-out/>
  <testcase name="clcikContentImage" time="2.159" classname="RTA.CaptureVehicleImageTest"/>
  <system-out/>
  <testcase name="delImage" time="1.758" classname="RTA.CaptureVehicleImageTest"/>
  <system-out/>
  <testcase name="ClicktakeImage2" time="2.750" classname="RTA.CaptureVehicleImageTest"/>
  <system-out/>
  <testcase name="cameraTakeImage2" time="4.484" classname="RTA.CaptureVehicleImageTest"/>
  <system-out/>
  <testcase name="ConfirmImage2" time="1.695" classname="RTA.CaptureVehicleImageTest"/>
  <system-out/>
  <testcase name="clcikContentImage2" time="2.103" classname="RTA.CaptureVehicleImageTest"/>
  <system-out/>
  <testcase name="RetakeImage" time="2.798" classname="RTA.CaptureVehicleImageTest"/>
  <system-out/>
  <testcase name="cameraTakeImage3" time="2.638" classname="RTA.CaptureVehicleImageTest"/>
  <system-out/>
  <testcase name="ConfirmImage3" time="3.502" classname="RTA.CaptureVehicleImageTest"/>
  <system-out/>
</testsuite> <!-- RTA.CaptureVehicleImageTest -->
