<?xml version="1.0" encoding="UTF-8"?>
<!-- Generated by org.testng.reporters.JUnitReportReporter -->
<testsuite skipped="7" hostname="AS-40" name="Battery.addNormalBatteryRequestTest" tests="7" failures="0" timestamp="2022-12-28T13:08:25 EET" time="0.000" errors="0">
  <testcase name="DragServiceSheet" time="0.000" classname="Battery.addNormalBatteryRequestTest">
    <skipped/>
  </testcase> <!-- DragServiceSheet -->
  <system-out/>
  <testcase name="SelectBattery" time="0.000" classname="Battery.addNormalBatteryRequestTest">
    <skipped/>
  </testcase> <!-- SelectBattery -->
  <system-out/>
  <testcase name="clickAddNote" time="0.000" classname="Battery.addNormalBatteryRequestTest">
    <skipped/>
  </testcase> <!-- clickAddNote -->
  <system-out/>
  <testcase name="Sendnotevalue" time="0.000" classname="Battery.addNormalBatteryRequestTest">
    <skipped/>
  </testcase> <!-- Sendnotevalue -->
  <system-out/>
  <testcase name="ConfirmNote" time="0.000" classname="Battery.addNormalBatteryRequestTest">
    <skipped/>
  </testcase> <!-- ConfirmNote -->
  <system-out/>
  <testcase name="ConfirmSummery" time="0.000" classname="Battery.addNormalBatteryRequestTest">
    <skipped/>
  </testcase> <!-- ConfirmSummery -->
  <system-out/>
  <testcase name="ConfirmBaymnet" time="0.000" classname="Battery.addNormalBatteryRequestTest">
    <skipped/>
  </testcase> <!-- ConfirmBaymnet -->
  <system-out/>
</testsuite> <!-- Battery.addNormalBatteryRequestTest -->
