<?xml version="1.0" encoding="UTF-8"?>
<!-- Generated by org.testng.reporters.JUnitReportReporter -->
<testsuite skipped="0" hostname="AS-40" name="DubaiPoliceAccount.chassisNumberTest" tests="1" failures="0" timestamp="2023-01-25T12:03:14 EET" time="1.842" errors="0">
  <testcase name="ChassisNumberTest" time="1.842" classname="DubaiPoliceAccount.chassisNumberTest"/>
  <system-out/>
</testsuite> <!-- DubaiPoliceAccount.chassisNumberTest -->
