<?xml version="1.0" encoding="UTF-8"?>
<!-- Generated by org.testng.reporters.JUnitReportReporter -->
<testsuite skipped="0" hostname="AS-40" name="common.ScrollupAction" tests="2" failures="0" timestamp="2023-01-25T13:23:34 EET" time="6.444" errors="0">
  <testcase name="preformScrollAction" time="4.534" classname="common.ScrollupAction"/>
  <system-out/>
  <testcase name="preformScrollAction2" time="1.910" classname="common.ScrollupAction"/>
  <system-out/>
</testsuite> <!-- common.ScrollupAction -->
