<?xml version="1.0" encoding="UTF-8"?>
<!-- Generated by org.testng.reporters.JUnitReportReporter -->
<testsuite skipped="0" hostname="AS-40" name="DubaiPoliceAccount.ImageeTest" tests="17" failures="0" timestamp="2023-01-22T10:50:04 EET" time="67.867" errors="0">
  <testcase name="showimagevalidation" time="1.850" classname="DubaiPoliceAccount.ImageeTest"/>
  <system-out/>
  <testcase name="validateerror" time="3.530" classname="DubaiPoliceAccount.ImageeTest"/>
  <system-out/>
  <testcase name="takeImage" time="3.639" classname="DubaiPoliceAccount.ImageeTest"/>
  <system-out/>
  <testcase name="allowcameraPermission" time="2.545" classname="DubaiPoliceAccount.ImageeTest"/>
  <system-out/>
  <testcase name="cameraTakeImage1" time="2.658" classname="DubaiPoliceAccount.ImageeTest"/>
  <system-out/>
  <testcase name="ConfirmImage" time="2.294" classname="DubaiPoliceAccount.ImageeTest"/>
  <system-out/>
  <testcase name="ClcikImage" time="3.074" classname="DubaiPoliceAccount.ImageeTest"/>
  <system-out/>
  <testcase name="RetakeImage" time="2.815" classname="DubaiPoliceAccount.ImageeTest"/>
  <system-out/>
  <testcase name="cameraTakeImage2" time="2.622" classname="DubaiPoliceAccount.ImageeTest"/>
  <system-out/>
  <testcase name="ConfirmImage2" time="2.842" classname="DubaiPoliceAccount.ImageeTest"/>
  <system-out/>
  <testcase name="ClcikImage2" time="1.734" classname="DubaiPoliceAccount.ImageeTest"/>
  <system-out/>
  <testcase name="deleteImage" time="1.706" classname="DubaiPoliceAccount.ImageeTest"/>
  <system-out/>
  <testcase name="takeImage3" time="1.701" classname="DubaiPoliceAccount.ImageeTest"/>
  <system-out/>
  <testcase name="takeallphotos" time="28.113" classname="DubaiPoliceAccount.ImageeTest"/>
  <system-out/>
  <testcase name="cameraTakeImage3" time="2.623" classname="DubaiPoliceAccount.ImageeTest"/>
  <system-out/>
  <testcase name="ConfirmImage3" time="2.407" classname="DubaiPoliceAccount.ImageeTest"/>
  <system-out/>
  <testcase name="CoonfirmImagebutton" time="1.714" classname="DubaiPoliceAccount.ImageeTest"/>
  <system-out/>
</testsuite> <!-- DubaiPoliceAccount.ImageeTest -->
