<?xml version="1.0" encoding="UTF-8"?>
<!-- Generated by org.testng.reporters.JUnitReportReporter -->
<testsuite skipped="0" hostname="AS-40" name="RTA.ImpoundDataTest" tests="7" failures="0" timestamp="2023-01-31T11:08:09 EET" time="17.472" errors="0">
  <testcase name="switchcustudyToggleOn" time="1.659" classname="RTA.ImpoundDataTest"/>
  <system-out/>
  <testcase name="takeImage" time="3.607" classname="RTA.ImpoundDataTest"/>
  <system-out/>
  <testcase name="cameraTakeImage" time="2.503" classname="RTA.ImpoundDataTest"/>
  <system-out/>
  <testcase name="ConfirmImage" time="2.028" classname="RTA.ImpoundDataTest"/>
  <system-out/>
  <testcase name="AddcustodyNoteTest" time="3.274" classname="RTA.ImpoundDataTest"/>
  <system-out/>
  <testcase name="ConfirmcustodyTest" time="2.733" classname="RTA.ImpoundDataTest"/>
  <system-out/>
  <testcase name="FinishTest" time="1.668" classname="RTA.ImpoundDataTest"/>
  <system-out/>
</testsuite> <!-- RTA.ImpoundDataTest -->
