<?xml version="1.0" encoding="UTF-8"?>
<!-- Generated by org.testng.reporters.JUnitReportReporter -->
<testsuite skipped="0" hostname="AS-40" name="login.LoginWithInvalidSmsCodeTest" tests="10" failures="0" timestamp="2022-03-27T09:27:09 EET" time="92.054" errors="0">
  <testcase name="clcikLogin" time="9.011" classname="login.LoginWithInvalidSmsCodeTest"/>
  <system-out/>
  <testcase name="SelectCountyCode" time="8.605" classname="login.LoginWithInvalidSmsCodeTest"/>
  <system-out/>
  <testcase name="Searchforcounrty" time="8.549" classname="login.LoginWithInvalidSmsCodeTest"/>
  <system-out/>
  <testcase name="SelectEgypt" time="8.510" classname="login.LoginWithInvalidSmsCodeTest"/>
  <system-out/>
  <testcase name="addMobileNumber" time="9.018" classname="login.LoginWithInvalidSmsCodeTest"/>
  <system-out/>
  <testcase name="clickContinue" time="8.468" classname="login.LoginWithInvalidSmsCodeTest"/>
  <system-out/>
  <testcase name="getotp" time="12.876" classname="login.LoginWithInvalidSmsCodeTest"/>
  <system-out/>
  <testcase name="AssertInvalidOtp" time="8.868" classname="login.LoginWithInvalidSmsCodeTest"/>
  <system-out/>
  <testcase name="ClickBackArrow" time="9.477" classname="login.LoginWithInvalidSmsCodeTest"/>
  <system-out/>
  <testcase name="ClickBackTOHome" time="8.672" classname="login.LoginWithInvalidSmsCodeTest"/>
  <system-out/>
</testsuite> <!-- login.LoginWithInvalidSmsCodeTest -->
