<?xml version="1.0" encoding="UTF-8"?>
<!-- Generated by org.testng.reporters.JUnitReportReporter -->
<testsuite skipped="0" hostname="AS-40" name="DubaiPoliceAccount.RequestCancelledTest" tests="1" failures="0" timestamp="2023-01-22T10:23:47 EET" time="2.158" errors="0">
  <testcase name="confirmRequestCancelledTest" time="2.158" classname="DubaiPoliceAccount.RequestCancelledTest"/>
  <system-out/>
</testsuite> <!-- DubaiPoliceAccount.RequestCancelledTest -->
