<?xml version="1.0" encoding="UTF-8"?>
<!-- Generated by org.testng.reporters.JUnitReportReporter -->
<testsuite hostname="AS-40" failures="0" tests="1" name="com.ERA.base.base" time="8.638" errors="0" timestamp="2022-01-29T17:46:22 EET" skipped="0">
  <testcase classname="com.ERA.base.base" name="beforeClass" time="8.638"/>
  <system-out/>
</testsuite> <!-- com.ERA.base.base -->
