<?xml version="1.0" encoding="UTF-8"?>
<!-- Generated by org.testng.reporters.JUnitReportReporter -->
<testsuite skipped="0" hostname="AS-40" name="Dubai_FleetAndAdmin.Cancel_From_AdminRequest_Test" tests="8" failures="0" timestamp="2023-01-22T10:23:47 EET" time="44.776" errors="0">
  <testcase name="setup" time="2.809" classname="Dubai_FleetAndAdmin.Cancel_From_AdminRequest_Test"/>
  <system-out/>
  <testcase name="loginTest" time="7.223" classname="Dubai_FleetAndAdmin.Cancel_From_AdminRequest_Test"/>
  <system-out/>
  <testcase name="OpenRequest" time="11.980" classname="Dubai_FleetAndAdmin.Cancel_From_AdminRequest_Test"/>
  <system-out/>
  <testcase name="SearchWithMobileNumber" time="16.526" classname="Dubai_FleetAndAdmin.Cancel_From_AdminRequest_Test"/>
  <system-out/>
  <testcase name="OpenAction" time="1.041" classname="Dubai_FleetAndAdmin.Cancel_From_AdminRequest_Test"/>
  <system-out/>
  <testcase name="GetRequestAndJobOrderID" time="3.097" classname="Dubai_FleetAndAdmin.Cancel_From_AdminRequest_Test"/>
  <system-out/>
  <testcase name="Cancel" time="1.066" classname="Dubai_FleetAndAdmin.Cancel_From_AdminRequest_Test"/>
  <system-out/>
  <testcase name="Confirm_cancel" time="1.034" classname="Dubai_FleetAndAdmin.Cancel_From_AdminRequest_Test"/>
  <system-out/>
</testsuite> <!-- Dubai_FleetAndAdmin.Cancel_From_AdminRequest_Test -->
