<?xml version="1.0" encoding="UTF-8"?>
<!-- Generated by org.testng.reporters.JUnitReportReporter -->
<testsuite skipped="12" hostname="AS-40" name="towing.addNormalTowingRequestTest" tests="12" failures="0" timestamp="2022-12-28T13:08:25 EET" time="0.000" errors="0">
  <testcase name="selectTowingService" time="0.000" classname="towing.addNormalTowingRequestTest">
    <skipped/>
  </testcase> <!-- selectTowingService -->
  <system-out/>
  <testcase name="selectNormalTowing" time="0.000" classname="towing.addNormalTowingRequestTest">
    <skipped/>
  </testcase> <!-- selectNormalTowing -->
  <system-out/>
  <testcase name="AddingDestination" time="0.000" classname="towing.addNormalTowingRequestTest">
    <skipped/>
  </testcase> <!-- AddingDestination -->
  <system-out/>
  <testcase name="ClickSearchDest" time="0.000" classname="towing.addNormalTowingRequestTest">
    <skipped/>
  </testcase> <!-- ClickSearchDest -->
  <system-out/>
  <testcase name="SendDestLocation" time="0.000" classname="towing.addNormalTowingRequestTest">
    <skipped/>
  </testcase> <!-- SendDestLocation -->
  <system-out/>
  <testcase name="ClickSearchItem" time="0.000" classname="towing.addNormalTowingRequestTest">
    <skipped/>
  </testcase> <!-- ClickSearchItem -->
  <system-out/>
  <testcase name="ConfirmDestination" time="0.000" classname="towing.addNormalTowingRequestTest">
    <skipped/>
  </testcase> <!-- ConfirmDestination -->
  <system-out/>
  <testcase name="clickAddNoteTowing" time="0.000" classname="towing.addNormalTowingRequestTest">
    <skipped/>
  </testcase> <!-- clickAddNoteTowing -->
  <system-out/>
  <testcase name="Sendnotevalue" time="0.000" classname="towing.addNormalTowingRequestTest">
    <skipped/>
  </testcase> <!-- Sendnotevalue -->
  <system-out/>
  <testcase name="ConfirmNote" time="0.000" classname="towing.addNormalTowingRequestTest">
    <skipped/>
  </testcase> <!-- ConfirmNote -->
  <system-out/>
  <testcase name="ConfirmTowingRequest" time="0.000" classname="towing.addNormalTowingRequestTest">
    <skipped/>
  </testcase> <!-- ConfirmTowingRequest -->
  <system-out/>
  <testcase name="ConfirmPaymentTowingRequest" time="0.000" classname="towing.addNormalTowingRequestTest">
    <skipped/>
  </testcase> <!-- ConfirmPaymentTowingRequest -->
  <system-out/>
</testsuite> <!-- towing.addNormalTowingRequestTest -->
