<?xml version="1.0" encoding="UTF-8"?>
<!-- Generated by org.testng.reporters.JUnitReportReporter -->
<testsuite skipped="0" hostname="AS-40" name="Battery.Confirm_SummeryTest" tests="1" failures="0" timestamp="2023-01-29T12:18:06 EET" time="2.796" errors="0">
  <testcase name="ConfirmSummery" time="2.796" classname="Battery.Confirm_SummeryTest"/>
  <system-out/>
</testsuite> <!-- Battery.Confirm_SummeryTest -->
