<?xml version="1.0" encoding="UTF-8"?>
<!-- Generated by org.testng.reporters.JUnitReportReporter -->
<testsuite skipped="0" hostname="AS-40" name="Battery.Confirm_LocationTest" tests="1" failures="0" timestamp="2023-01-29T12:18:06 EET" time="7.127" errors="0">
  <testcase name="Confirm_location" time="7.127" classname="Battery.Confirm_LocationTest"/>
  <system-out/>
</testsuite> <!-- Battery.Confirm_LocationTest -->
