<?xml version="1.0" encoding="UTF-8"?>
<!-- Generated by org.testng.reporters.JUnitReportReporter -->
<testsuite skipped="0" hostname="AS-40" name="FujirahAccount.VehicleMakeAndModelTest" tests="5" failures="0" timestamp="2023-01-23T14:34:11 EET" time="11.003" errors="0">
  <testcase name="SelectMakeTest" time="1.722" classname="FujirahAccount.VehicleMakeAndModelTest"/>
  <system-out/>
  <testcase name="dragsheetTest" time="2.709" classname="FujirahAccount.VehicleMakeAndModelTest"/>
  <system-out/>
  <testcase name="SelectMakeItemTest" time="2.636" classname="FujirahAccount.VehicleMakeAndModelTest"/>
  <system-out/>
  <testcase name="SelectModelTest" time="1.754" classname="FujirahAccount.VehicleMakeAndModelTest"/>
  <system-out/>
  <testcase name="SelectModelItemTest" time="2.182" classname="FujirahAccount.VehicleMakeAndModelTest"/>
  <system-out/>
</testsuite> <!-- FujirahAccount.VehicleMakeAndModelTest -->
