<?xml version="1.0" encoding="UTF-8"?>
<!-- Generated by org.testng.reporters.JUnitReportReporter -->
<testsuite skipped="0" hostname="AS-40" name="login.FujirahLoginfromHomescreenTest" tests="14" failures="0" timestamp="2023-01-23T14:34:11 EET" time="50.619" errors="0">
  <testcase name="clcikLogin" time="4.604" classname="login.FujirahLoginfromHomescreenTest"/>
  <system-out/>
  <testcase name="clcikLogin" time="4.450" classname="login.FujirahLoginfromHomescreenTest"/>
  <system-out/>
  <testcase name="SelectCountyCode" time="1.629" classname="login.FujirahLoginfromHomescreenTest"/>
  <system-out/>
  <testcase name="SelectCountyCode" time="1.828" classname="login.FujirahLoginfromHomescreenTest"/>
  <system-out/>
  <testcase name="Searchforcounrty" time="1.919" classname="login.FujirahLoginfromHomescreenTest"/>
  <system-out/>
  <testcase name="Searchforcounrty" time="2.493" classname="login.FujirahLoginfromHomescreenTest"/>
  <system-out/>
  <testcase name="SelectEgypt" time="1.891" classname="login.FujirahLoginfromHomescreenTest"/>
  <system-out/>
  <testcase name="SelectEgypt" time="2.012" classname="login.FujirahLoginfromHomescreenTest"/>
  <system-out/>
  <testcase name="addFujirahMobileNumber" time="2.300" classname="login.FujirahLoginfromHomescreenTest"/>
  <system-out/>
  <testcase name="addFujirahMobileNumber" time="2.361" classname="login.FujirahLoginfromHomescreenTest"/>
  <system-out/>
  <testcase name="clickContinue" time="2.993" classname="login.FujirahLoginfromHomescreenTest"/>
  <system-out/>
  <testcase name="clickContinue" time="3.196" classname="login.FujirahLoginfromHomescreenTest"/>
  <system-out/>
  <testcase name="getotpPolice" time="10.039" classname="login.FujirahLoginfromHomescreenTest"/>
  <system-out/>
  <testcase name="getotpPolice" time="8.904" classname="login.FujirahLoginfromHomescreenTest"/>
  <system-out/>
</testsuite> <!-- login.FujirahLoginfromHomescreenTest -->
