<?xml version="1.0" encoding="UTF-8"?>
<!-- Generated by org.testng.reporters.JUnitReportReporter -->
<testsuite skipped="0" hostname="AS-40" name="driverApi.API_Driver_completejob_Test" tests="1" failures="0" timestamp="2022-03-30T13:19:13 EET" time="5.136" errors="0">
  <testcase name="completejob" time="5.136" classname="driverApi.API_Driver_completejob_Test"/>
  <system-out/>
</testsuite> <!-- driverApi.API_Driver_completejob_Test -->
