<?xml version="1.0" encoding="UTF-8"?>
<!-- Generated by org.testng.reporters.JUnitReportReporter -->
<testsuite skipped="0" hostname="AS-40" name="Dubai_FleetAndAdmin.Admin_GetGobId_Test" tests="5" failures="0" timestamp="2023-01-23T16:58:03 EET" time="50.062" errors="0">
  <testcase name="setup" time="5.938" classname="Dubai_FleetAndAdmin.Admin_GetGobId_Test"/>
  <system-out/>
  <testcase name="loginTest" time="11.502" classname="Dubai_FleetAndAdmin.Admin_GetGobId_Test"/>
  <system-out/>
  <testcase name="OpenRequest" time="13.023" classname="Dubai_FleetAndAdmin.Admin_GetGobId_Test"/>
  <system-out/>
  <testcase name="SearchWithMobileNumber" time="16.513" classname="Dubai_FleetAndAdmin.Admin_GetGobId_Test"/>
  <system-out/>
  <testcase name="GetRequestAndJobOrderID" time="3.086" classname="Dubai_FleetAndAdmin.Admin_GetGobId_Test"/>
  <system-out/>
</testsuite> <!-- Dubai_FleetAndAdmin.Admin_GetGobId_Test -->
