<?xml version="1.0" encoding="UTF-8"?>
<!-- Generated by org.testng.reporters.JUnitReportReporter -->
<testsuite skipped="0" hostname="AS-40" name="common.ProfilefromMenuTest" tests="1" failures="0" timestamp="2023-01-25T18:07:32 EET" time="2.762" errors="0">
  <testcase name="ClickProfile" time="2.762" classname="common.ProfilefromMenuTest"/>
  <system-out/>
</testsuite> <!-- common.ProfilefromMenuTest -->
