<?xml version="1.0" encoding="UTF-8"?>
<!-- Generated by org.testng.reporters.JUnitReportReporter -->
<testsuite skipped="0" hostname="AS-40" name="DubaiPoliceAccount.DubaiPoliceTest" tests="3" failures="0" timestamp="2023-01-25T12:03:14 EET" time="19.714" errors="0">
  <testcase name="confirmlocation" time="16.075" classname="DubaiPoliceAccount.DubaiPoliceTest"/>
  <system-out/>
  <testcase name="selectSubService" time="1.907" classname="DubaiPoliceAccount.DubaiPoliceTest"/>
  <system-out/>
  <testcase name="confirmSubService" time="1.732" classname="DubaiPoliceAccount.DubaiPoliceTest"/>
  <system-out/>
</testsuite> <!-- DubaiPoliceAccount.DubaiPoliceTest -->
