<?xml version="1.0" encoding="UTF-8"?>
<!-- Generated by org.testng.reporters.JUnitReportReporter -->
<testsuite skipped="0" hostname="AS-40" name="RTA.PlatedataTest" tests="11" failures="0" timestamp="2023-01-31T11:08:09 EET" time="18.523" errors="0">
  <testcase name="ClickEmirateListTest" time="1.696" classname="RTA.PlatedataTest"/>
  <system-out/>
  <testcase name="ClickEmirateListItemTest" time="1.672" classname="RTA.PlatedataTest"/>
  <system-out/>
  <testcase name="ClickCodeListTest" time="1.723" classname="RTA.PlatedataTest"/>
  <system-out/>
  <testcase name="ClickcodeItemListTest" time="1.766" classname="RTA.PlatedataTest"/>
  <system-out/>
  <testcase name="AddPlateNumberTest" time="1.716" classname="RTA.PlatedataTest"/>
  <system-out/>
  <testcase name="SwitchToggleOffTest" time="1.620" classname="RTA.PlatedataTest"/>
  <system-out/>
  <testcase name="SwitchToggleONTest" time="1.645" classname="RTA.PlatedataTest"/>
  <system-out/>
  <testcase name="ClickEmirateListTest2" time="1.686" classname="RTA.PlatedataTest"/>
  <system-out/>
  <testcase name="ClickEmirateListItemTest2" time="1.640" classname="RTA.PlatedataTest"/>
  <system-out/>
  <testcase name="AddPlateNumberTest2" time="1.663" classname="RTA.PlatedataTest"/>
  <system-out/>
  <testcase name="ConfirmplatedataTest" time="1.696" classname="RTA.PlatedataTest"/>
  <system-out/>
</testsuite> <!-- RTA.PlatedataTest -->
