<?xml version="1.0" encoding="UTF-8"?>
<!-- Generated by org.testng.reporters.JUnitReportReporter -->
<<<<<<< HEAD
<testsuite skipped="0" hostname="AS-40" name="common.allowLocationPermissionTest" tests="1" failures="0" timestamp="2022-03-31T22:10:44 EET" time="6.524" errors="0">
  <testcase name="clcallowLocationPermissionTestikLogin" time="6.524" classname="common.allowLocationPermissionTest"/>
=======
<testsuite hostname="RAli-NBQC" failures="0" tests="1" name="com.ERA.testcases.allowLocationPermissionTest" time="3.050" errors="0" timestamp="2022-03-14T14:24:50 EET" skipped="0">
  <testcase classname="com.ERA.testcases.allowLocationPermissionTest" name="clcallowLocationPermissionTestikLogin" time="3.050"/>
>>>>>>> branch 'master' of https://github.com/amirakamalAly/ERAFristRepo
  <system-out/>
</testsuite> <!-- common.allowLocationPermissionTest -->
