<?xml version="1.0" encoding="UTF-8"?>
<!-- Generated by org.testng.reporters.JUnitReportReporter -->
<testsuite skipped="0" hostname="AS-40" name="RTA.RequestCancelFromAppTest" tests="5" failures="0" timestamp="2023-01-30T12:34:33 EET" time="21.781" errors="0">
  <testcase name="ClickFristItemRequestHistory" time="3.596" classname="RTA.RequestCancelFromAppTest"/>
  <system-out/>
  <testcase name="preformScrollAction" time="2.340" classname="RTA.RequestCancelFromAppTest"/>
  <system-out/>
  <testcase name="CancelRequestFromAppTest" time="1.830" classname="RTA.RequestCancelFromAppTest"/>
  <system-out/>
  <testcase name="confirmCancelRequestFromAppTest" time="1.902" classname="RTA.RequestCancelFromAppTest"/>
  <system-out/>
  <testcase name="AssertCancelStatus" time="12.113" classname="RTA.RequestCancelFromAppTest"/>
  <system-out/>
</testsuite> <!-- RTA.RequestCancelFromAppTest -->
