<?xml version="1.0" encoding="UTF-8"?>
<!-- Generated by org.testng.reporters.JUnitReportReporter -->
<testsuite skipped="0" hostname="AS-40" name="DeliverycostApi.API_GetFuelDeliveryCostTest" tests="1" failures="0" timestamp="2022-03-27T09:27:09 EET" time="11.347" errors="0">
  <testcase name="GeteliveryCost" time="11.347" classname="DeliverycostApi.API_GetFuelDeliveryCostTest"/>
  <system-out/>
</testsuite> <!-- DeliverycostApi.API_GetFuelDeliveryCostTest -->
