<?xml version="1.0" encoding="UTF-8"?>
<!-- Generated by org.testng.reporters.JUnitReportReporter -->
<testsuite skipped="0" hostname="AS-40" name="login.GetOtpTest" tests="1" failures="0" timestamp="2022-02-18T01:27:43 EET" time="1.579" errors="0">
  <testcase name="getotp" time="1.579" classname="login.GetOtpTest"/>
  <system-out/>
</testsuite> <!-- login.GetOtpTest -->
