<?xml version="1.0" encoding="UTF-8"?>
<!-- Generated by org.testng.reporters.JUnitReportReporter -->
<testsuite skipped="0" hostname="AS-40" name="driverApi.Get_Driver_location4_Test" tests="13" failures="0" timestamp="2023-01-29T11:56:11 EET" time="881.965" errors="0">
  <testcase name="LocationdataProivder1" time="11.129" classname="driverApi.Get_Driver_location4_Test"/>
  <system-out/>
  <testcase name="LocationdataProivder2" time="21.623" classname="driverApi.Get_Driver_location4_Test"/>
  <system-out/>
  <testcase name="LocationdataProivder33" time="31.000" classname="driverApi.Get_Driver_location4_Test"/>
  <system-out/>
  <testcase name="LocationdataProivder4" time="41.349" classname="driverApi.Get_Driver_location4_Test"/>
  <system-out/>
  <testcase name="LocationdataProivder5" time="50.908" classname="driverApi.Get_Driver_location4_Test"/>
  <system-out/>
  <testcase name="LocationdataProivder6" time="61.315" classname="driverApi.Get_Driver_location4_Test"/>
  <system-out/>
  <testcase name="LocationdataProivder7" time="71.422" classname="driverApi.Get_Driver_location4_Test"/>
  <system-out/>
  <testcase name="LocationdataProivder8" time="81.228" classname="driverApi.Get_Driver_location4_Test"/>
  <system-out/>
  <testcase name="LocationdataProivder9" time="91.386" classname="driverApi.Get_Driver_location4_Test"/>
  <system-out/>
  <testcase name="LocationdataProivder10" time="101.009" classname="driverApi.Get_Driver_location4_Test"/>
  <system-out/>
  <testcase name="vehiclepickedup" time="104.125" classname="driverApi.Get_Driver_location4_Test"/>
  <system-out/>
  <testcase name="LocationdataProivder12" time="102.140" classname="driverApi.Get_Driver_location4_Test"/>
  <system-out/>
  <testcase name="completejob" time="113.331" classname="driverApi.Get_Driver_location4_Test"/>
  <system-out/>
</testsuite> <!-- driverApi.Get_Driver_location4_Test -->
