<?xml version="1.0" encoding="UTF-8"?>
<!-- Generated by org.testng.reporters.JUnitReportReporter -->
<testsuite skipped="0" hostname="AS-40" name="DubaiPoliceAccount.UpdateYearTest" tests="2" failures="0" timestamp="2023-01-25T13:23:34 EET" time="4.679" errors="0">
  <testcase name="ClickYearTest" time="2.816" classname="DubaiPoliceAccount.UpdateYearTest"/>
  <system-out/>
  <testcase name="SelectYearItemTest" time="1.863" classname="DubaiPoliceAccount.UpdateYearTest"/>
  <system-out/>
</testsuite> <!-- DubaiPoliceAccount.UpdateYearTest -->
