<?xml version="1.0" encoding="UTF-8"?>
<!-- Generated by org.testng.reporters.JUnitReportReporter -->
<testsuite skipped="0" hostname="AS-40" name="DubaiPoliceAccount.SelectColorTest" tests="2" failures="0" timestamp="2023-01-25T12:03:14 EET" time="3.498" errors="0">
  <testcase name="ClickColorTest" time="1.754" classname="DubaiPoliceAccount.SelectColorTest"/>
  <system-out/>
  <testcase name="SelectColorItemTest" time="1.744" classname="DubaiPoliceAccount.SelectColorTest"/>
  <system-out/>
</testsuite> <!-- DubaiPoliceAccount.SelectColorTest -->
