<?xml version="1.0" encoding="UTF-8"?>
<!-- Generated by org.testng.reporters.JUnitReportReporter -->
<testsuite skipped="0" hostname="AS-40" name="profile.Profile_InvalidEmailFormatTest" tests="6" failures="0" timestamp="2023-01-23T12:18:37 EET" time="11.877" errors="0">
  <testcase name="clickprofiletabFromMenu" time="1.829" classname="profile.Profile_InvalidEmailFormatTest"/>
  <system-out/>
  <testcase name="EditEmailwithvalidNumber" time="2.311" classname="profile.Profile_InvalidEmailFormatTest"/>
  <system-out/>
  <testcase name="scrollitems" time="2.147" classname="profile.Profile_InvalidEmailFormatTest"/>
  <system-out/>
  <testcase name="SaveButton" time="2.117" classname="profile.Profile_InvalidEmailFormatTest"/>
  <system-out/>
  <testcase name="ValidateInvalidEmailFormat" time="1.701" classname="profile.Profile_InvalidEmailFormatTest"/>
  <system-out/>
  <testcase name="ClickMenu" time="1.772" classname="profile.Profile_InvalidEmailFormatTest"/>
  <system-out/>
</testsuite> <!-- profile.Profile_InvalidEmailFormatTest -->
