<?xml version="1.0" encoding="UTF-8"?>
<!-- Generated by org.testng.reporters.JUnitReportReporter -->
<testsuite hostname="AS-40" failures="0" tests="1" name="fleetAndAdmin.CheckStatusCancelInAdminTest" time="34.954" errors="0" timestamp="2022-12-15T14:48:06 EET" skipped="0">
  <testcase classname="fleetAndAdmin.CheckStatusCancelInAdminTest" name="OpenAdminURL" time="34.954"/>
  <system-out/>
</testsuite> <!-- fleetAndAdmin.CheckStatusCancelInAdminTest -->
