<?xml version="1.0" encoding="UTF-8"?>
<!-- Generated by org.testng.reporters.JUnitReportReporter -->
<testsuite skipped="0" hostname="AS-40" name="NormalUser_FleetAndAdmin.Check_Status_Cancel_In_Fleet_Test" tests="4" failures="0" timestamp="2023-01-02T13:16:28 EET" time="27.625" errors="0">
  <testcase name="setup" time="4.687" classname="NormalUser_FleetAndAdmin.Check_Status_Cancel_In_Fleet_Test"/>
  <system-out/>
  <testcase name="loginTest" time="22.762" classname="NormalUser_FleetAndAdmin.Check_Status_Cancel_In_Fleet_Test"/>
  <system-out/>
  <testcase name="SearchWithjoborderId" time="0.112" classname="NormalUser_FleetAndAdmin.Check_Status_Cancel_In_Fleet_Test"/>
  <system-out/>
  <testcase name="check_Request_is_Cancelled" time="0.064" classname="NormalUser_FleetAndAdmin.Check_Status_Cancel_In_Fleet_Test"/>
  <system-out/>
</testsuite> <!-- NormalUser_FleetAndAdmin.Check_Status_Cancel_In_Fleet_Test -->
