<?xml version="1.0" encoding="UTF-8"?>
<!-- Generated by org.testng.reporters.JUnitReportReporter -->
<testsuite skipped="0" hostname="AS-40" name="fleetAndAdmin.OpenAdminAndGetJobOrderIdTest" tests="1" failures="0" timestamp="2022-03-24T23:07:10 EET" time="8.473" errors="0">
  <testcase name="OpenFleetURL" time="8.473" classname="fleetAndAdmin.OpenAdminAndGetJobOrderIdTest"/>
  <system-out/>
</testsuite> <!-- fleetAndAdmin.OpenAdminAndGetJobOrderIdTest -->
