<?xml version="1.0" encoding="UTF-8"?>
<!-- Generated by org.testng.reporters.JUnitReportReporter -->
<testsuite skipped="0" hostname="AS-40" name="NormalUser_FleetAndAdmin.Fleet_Towing_AssignRequest_Test" tests="9" failures="0" timestamp="2023-01-29T12:18:06 EET" time="75.851" errors="0">
  <testcase name="setup" time="4.122" classname="NormalUser_FleetAndAdmin.Fleet_Towing_AssignRequest_Test"/>
  <system-out/>
  <testcase name="loginTest" time="24.112" classname="NormalUser_FleetAndAdmin.Fleet_Towing_AssignRequest_Test"/>
  <system-out/>
  <testcase name="SearchWithjoborderId" time="0.084" classname="NormalUser_FleetAndAdmin.Fleet_Towing_AssignRequest_Test"/>
  <system-out/>
  <testcase name="clcikAction" time="5.203" classname="NormalUser_FleetAndAdmin.Fleet_Towing_AssignRequest_Test"/>
  <system-out/>
  <testcase name="Clickdetails" time="5.195" classname="NormalUser_FleetAndAdmin.Fleet_Towing_AssignRequest_Test"/>
  <system-out/>
  <testcase name="clcikAssignbutton" time="8.191" classname="NormalUser_FleetAndAdmin.Fleet_Towing_AssignRequest_Test"/>
  <system-out/>
  <testcase name="SerchWithdriverName" time="3.221" classname="NormalUser_FleetAndAdmin.Fleet_Towing_AssignRequest_Test"/>
  <system-out/>
  <testcase name="selectdriverfromList" time="20.523" classname="NormalUser_FleetAndAdmin.Fleet_Towing_AssignRequest_Test"/>
  <system-out/>
  <testcase name="confirmAssign" time="5.200" classname="NormalUser_FleetAndAdmin.Fleet_Towing_AssignRequest_Test"/>
  <system-out/>
</testsuite> <!-- NormalUser_FleetAndAdmin.Fleet_Towing_AssignRequest_Test -->
