<?xml version="1.0" encoding="UTF-8"?>
<!-- Generated by org.testng.reporters.JUnitReportReporter -->
<testsuite skipped="0" hostname="AS-40" name="DubaiPoliceAccount.ScrollDownTest" tests="1" failures="0" timestamp="2023-01-25T13:23:34 EET" time="4.722" errors="0">
  <testcase name="SwitchToggleOffTest" time="4.722" classname="DubaiPoliceAccount.ScrollDownTest"/>
  <system-out/>
</testsuite> <!-- DubaiPoliceAccount.ScrollDownTest -->
