<?xml version="1.0" encoding="UTF-8"?>
<!-- Generated by org.testng.reporters.JUnitReportReporter -->
<testsuite skipped="0" hostname="AS-40" name="driverApi.API_Driver_ArriverdToPickUp_StatusID3_Test" tests="1" failures="0" timestamp="2023-01-09T10:30:33 EET" time="2.522" errors="0">
  <testcase name="LocationdataProivder" time="2.522" classname="driverApi.API_Driver_ArriverdToPickUp_StatusID3_Test"/>
  <system-out/>
</testsuite> <!-- driverApi.API_Driver_ArriverdToPickUp_StatusID3_Test -->
