<?xml version="1.0" encoding="UTF-8"?>
<!-- Generated by org.testng.reporters.JUnitReportReporter -->
<testsuite hostname="AS-40" failures="0" tests="1" name="fleetAndAdmin.CheckStatusCancelInFleetTest" time="27.107" errors="0" timestamp="2022-12-15T14:48:06 EET" skipped="0">
  <testcase classname="fleetAndAdmin.CheckStatusCancelInFleetTest" name="OpenFleetURL" time="27.107"/>
  <system-out/>
</testsuite> <!-- fleetAndAdmin.CheckStatusCancelInFleetTest -->
