<?xml version="1.0" encoding="UTF-8"?>
<!-- Generated by org.testng.reporters.JUnitReportReporter -->
<testsuite skipped="0" hostname="AS-40" name="RTA.UpdatePlatedataTest" tests="8" failures="0" timestamp="2023-01-29T14:35:03 EET" time="13.332" errors="0">
  <testcase name="SwitchToggleOffTest" time="1.678" classname="RTA.UpdatePlatedataTest"/>
  <system-out/>
  <testcase name="SwitchToggleONTest" time="1.564" classname="RTA.UpdatePlatedataTest"/>
  <system-out/>
  <testcase name="ClickEmirateListTest" time="1.693" classname="RTA.UpdatePlatedataTest"/>
  <system-out/>
  <testcase name="ClickEmirateListItemTest" time="1.613" classname="RTA.UpdatePlatedataTest"/>
  <system-out/>
  <testcase name="ClickCodeListTest" time="1.786" classname="RTA.UpdatePlatedataTest"/>
  <system-out/>
  <testcase name="ClickcodeItemListTest" time="1.641" classname="RTA.UpdatePlatedataTest"/>
  <system-out/>
  <testcase name="AddPlateNumberTest" time="1.593" classname="RTA.UpdatePlatedataTest"/>
  <system-out/>
  <testcase name="ConfirmPlateTest" time="1.764" classname="RTA.UpdatePlatedataTest"/>
  <system-out/>
</testsuite> <!-- RTA.UpdatePlatedataTest -->
