<?xml version="1.0" encoding="UTF-8"?>
<!-- Generated by org.testng.reporters.JUnitReportReporter -->
<testsuite skipped="0" hostname="AS-40" name="fleetAndAdminDubai.OpenFleetAndCancelPoliceRequestTest" tests="1" failures="0" timestamp="2023-01-11T13:23:32 EET" time="45.797" errors="0">
  <testcase name="OpenFleetURL" time="45.797" classname="fleetAndAdminDubai.OpenFleetAndCancelPoliceRequestTest"/>
  <system-out/>
</testsuite> <!-- fleetAndAdminDubai.OpenFleetAndCancelPoliceRequestTest -->
