<?xml version="1.0" encoding="UTF-8"?>
<!-- Generated by org.testng.reporters.JUnitReportReporter -->
<testsuite skipped="0" hostname="AS-40" name="common.CancelAdminPopupTest" tests="10" failures="0" timestamp="2023-01-11T09:49:59 EET" time="36.927" errors="0">
  <testcase name="ratedriver" time="10.076" classname="common.CancelAdminPopupTest"/>
  <system-out/>
  <testcase name="ratedriver" time="8.221" classname="common.CancelAdminPopupTest"/>
  <system-out/>
  <testcase name="ClickMenu" time="2.351" classname="common.CancelAdminPopupTest"/>
  <system-out/>
  <testcase name="ClickMenu" time="2.202" classname="common.CancelAdminPopupTest"/>
  <system-out/>
  <testcase name="MenuRequestHistory" time="1.811" classname="common.CancelAdminPopupTest"/>
  <system-out/>
  <testcase name="MenuRequestHistory" time="1.960" classname="common.CancelAdminPopupTest"/>
  <system-out/>
  <testcase name="ClickFristItemRequestHistory" time="3.029" classname="common.CancelAdminPopupTest"/>
  <system-out/>
  <testcase name="ClickFristItemRequestHistory" time="3.702" classname="common.CancelAdminPopupTest"/>
  <system-out/>
  <testcase name="confirmRequestStatusCanceledTest" time="1.861" classname="common.CancelAdminPopupTest"/>
  <system-out/>
  <testcase name="confirmRequestStatusCanceledTest" time="1.714" classname="common.CancelAdminPopupTest"/>
  <system-out/>
</testsuite> <!-- common.CancelAdminPopupTest -->
