<?xml version="1.0" encoding="UTF-8"?>
<!-- Generated by org.testng.reporters.JUnitReportReporter -->
<testsuite skipped="0" hostname="AS-40" name="towing.ProfileTest" tests="5" failures="0" timestamp="2022-03-31T22:02:31 EET" time="34.123" errors="0">
  <testcase name="clickprofiletabFromMenu" time="6.578" classname="towing.ProfileTest"/>
  <system-out/>
  <testcase name="EditNamewithvalidNumber" time="7.073" classname="towing.ProfileTest"/>
  <system-out/>
  <testcase name="EditEmailwithvalidNumber" time="7.173" classname="towing.ProfileTest"/>
  <system-out/>
  <testcase name="scrollitems" time="6.808" classname="towing.ProfileTest"/>
  <system-out/>
  <testcase name="SaveButton" time="6.491" classname="towing.ProfileTest"/>
  <system-out/>
</testsuite> <!-- towing.ProfileTest -->
