<?xml version="1.0" encoding="UTF-8"?>
<!-- Generated by org.testng.reporters.JUnitReportReporter -->
<testsuite skipped="0" hostname="AS-40" name="FujirahAccount.SummeryHappyPathTest" tests="2" failures="0" timestamp="2023-01-23T14:34:11 EET" time="20.226" errors="0">
  <testcase name="confirmSummery" time="16.763" classname="FujirahAccount.SummeryHappyPathTest"/>
  <system-out/>
  <testcase name="finish" time="3.463" classname="FujirahAccount.SummeryHappyPathTest"/>
  <system-out/>
</testsuite> <!-- FujirahAccount.SummeryHappyPathTest -->
