<?xml version="1.0" encoding="UTF-8"?>
<!-- Generated by org.testng.reporters.JUnitReportReporter -->
<testsuite skipped="0" hostname="AS-40" name="DubaiPoliceAccount.UpdateVehicleMakeAndModelTest" tests="6" failures="0" timestamp="2023-01-25T13:23:34 EET" time="13.329" errors="0">
  <testcase name="SelectMakeTest" time="1.700" classname="DubaiPoliceAccount.UpdateVehicleMakeAndModelTest"/>
  <system-out/>
  <testcase name="dragsheetTest" time="2.336" classname="DubaiPoliceAccount.UpdateVehicleMakeAndModelTest"/>
  <system-out/>
  <testcase name="SelectMakeItemTest" time="3.356" classname="DubaiPoliceAccount.UpdateVehicleMakeAndModelTest"/>
  <system-out/>
  <testcase name="SelectModelTest" time="1.866" classname="DubaiPoliceAccount.UpdateVehicleMakeAndModelTest"/>
  <system-out/>
  <testcase name="SelectModelItemTest" time="1.834" classname="DubaiPoliceAccount.UpdateVehicleMakeAndModelTest"/>
  <system-out/>
  <testcase name="scrolldownTest" time="2.237" classname="DubaiPoliceAccount.UpdateVehicleMakeAndModelTest"/>
  <system-out/>
</testsuite> <!-- DubaiPoliceAccount.UpdateVehicleMakeAndModelTest -->
