<?xml version="1.0" encoding="UTF-8"?>
<!-- Generated by org.testng.reporters.JUnitReportReporter -->
<testsuite skipped="0" hostname="AS-40" name="FujirahAccount.SelectColorTest" tests="2" failures="0" timestamp="2023-01-23T14:34:11 EET" time="4.145" errors="0">
  <testcase name="ClickColorTest" time="2.422" classname="FujirahAccount.SelectColorTest"/>
  <system-out/>
  <testcase name="SelectColorItemTest" time="1.723" classname="FujirahAccount.SelectColorTest"/>
  <system-out/>
</testsuite> <!-- FujirahAccount.SelectColorTest -->
