<?xml version="1.0" encoding="UTF-8"?>
<!-- Generated by org.testng.reporters.JUnitReportReporter -->
<testsuite skipped="0" hostname="AS-40" name="profile.ProfileTest" tests="7" failures="0" timestamp="2023-01-23T12:18:37 EET" time="14.290" errors="0">
  <testcase name="clickprofiletabFromMenu" time="1.708" classname="profile.ProfileTest"/>
  <system-out/>
  <testcase name="EditNamewithvalidName" time="3.230" classname="profile.ProfileTest"/>
  <system-out/>
  <testcase name="EditEmailwithvalidEmail" time="1.929" classname="profile.ProfileTest"/>
  <system-out/>
  <testcase name="scrollitems" time="2.171" classname="profile.ProfileTest"/>
  <system-out/>
  <testcase name="SaveButton" time="1.863" classname="profile.ProfileTest"/>
  <system-out/>
  <testcase name="dissmissPopup" time="1.630" classname="profile.ProfileTest"/>
  <system-out/>
  <testcase name="ClickMenu" time="1.759" classname="profile.ProfileTest"/>
  <system-out/>
</testsuite> <!-- profile.ProfileTest -->
