<?xml version="1.0" encoding="UTF-8"?>
<!-- Generated by org.testng.reporters.JUnitReportReporter -->
<testsuite skipped="1" hostname="AS-40" name="fleetAndAdmin.OpenFleetAndAssignRequestTest" tests="1" failures="0" timestamp="2022-12-28T13:08:25 EET" time="0.000" errors="0">
  <testcase name="OpenFleetURL" time="0.000" classname="fleetAndAdmin.OpenFleetAndAssignRequestTest">
    <skipped/>
  </testcase> <!-- OpenFleetURL -->
  <system-out/>
</testsuite> <!-- fleetAndAdmin.OpenFleetAndAssignRequestTest -->
