<?xml version="1.0" encoding="UTF-8"?>
<!-- Generated by org.testng.reporters.JUnitReportReporter -->
<testsuite skipped="0" hostname="AS-40" name="RTA.SelectColorTest" tests="2" failures="0" timestamp="2023-01-31T11:08:09 EET" time="3.447" errors="0">
  <testcase name="ClickColorTest" time="1.822" classname="RTA.SelectColorTest"/>
  <system-out/>
  <testcase name="SelectColorItemTest" time="1.625" classname="RTA.SelectColorTest"/>
  <system-out/>
</testsuite> <!-- RTA.SelectColorTest -->
