<?xml version="1.0" encoding="UTF-8"?>
<!-- Generated by org.testng.reporters.JUnitReportReporter -->
<testsuite skipped="0" hostname="AS-40" name="com.ERA.testcases.TestGetDeliveryCostTest" tests="1" failures="0" timestamp="2022-03-23T16:25:27 EET" time="2.648" errors="0">
  <testcase name="ValidateOTP" time="2.648" classname="com.ERA.testcases.TestGetDeliveryCostTest"/>
  <system-out/>
</testsuite> <!-- com.ERA.testcases.TestGetDeliveryCostTest -->
