<?xml version="1.0" encoding="UTF-8"?>
<!-- Generated by org.testng.reporters.JUnitReportReporter -->
<<<<<<< HEAD
<testsuite skipped="0" hostname="AS-40" name="login.ClickloginbuttonfromHomescreenTest" tests="7" failures="0" timestamp="2022-03-31T22:10:44 EET" time="53.304" errors="0">
  <testcase name="clcikLogin" time="6.568" classname="login.ClickloginbuttonfromHomescreenTest"/>
=======
<testsuite hostname="RAli-NBQC" failures="0" tests="7" name="com.ERA.testcases.ClickloginbuttonfromHomescreenTest" time="19.896" errors="0" timestamp="2022-03-14T14:24:50 EET" skipped="0">
  <testcase classname="com.ERA.testcases.ClickloginbuttonfromHomescreenTest" name="clcikLogin" time="4.441"/>
>>>>>>> branch 'master' of https://github.com/amirakamalAly/ERAFristRepo
  <system-out/>
<<<<<<< HEAD
  <testcase name="SelectCountyCode" time="6.456" classname="login.ClickloginbuttonfromHomescreenTest"/>
=======
  <testcase classname="com.ERA.testcases.ClickloginbuttonfromHomescreenTest" name="SelectCountyCode" time="1.514"/>
>>>>>>> branch 'master' of https://github.com/amirakamalAly/ERAFristRepo
  <system-out/>
<<<<<<< HEAD
  <testcase name="Searchforcounrty" time="7.170" classname="login.ClickloginbuttonfromHomescreenTest"/>
=======
  <testcase classname="com.ERA.testcases.ClickloginbuttonfromHomescreenTest" name="Searchforcounrty" time="1.682"/>
>>>>>>> branch 'master' of https://github.com/amirakamalAly/ERAFristRepo
  <system-out/>
<<<<<<< HEAD
  <testcase name="SelectEgypt" time="6.642" classname="login.ClickloginbuttonfromHomescreenTest"/>
=======
  <testcase classname="com.ERA.testcases.ClickloginbuttonfromHomescreenTest" name="SelectEgypt" time="0.942"/>
>>>>>>> branch 'master' of https://github.com/amirakamalAly/ERAFristRepo
  <system-out/>
<<<<<<< HEAD
  <testcase name="addMobileNumber" time="6.981" classname="login.ClickloginbuttonfromHomescreenTest"/>
=======
  <testcase classname="com.ERA.testcases.ClickloginbuttonfromHomescreenTest" name="addMobileNumber" time="1.180"/>
>>>>>>> branch 'master' of https://github.com/amirakamalAly/ERAFristRepo
  <system-out/>
<<<<<<< HEAD
  <testcase name="clickContinue" time="6.527" classname="login.ClickloginbuttonfromHomescreenTest"/>
=======
  <testcase classname="com.ERA.testcases.ClickloginbuttonfromHomescreenTest" name="clickContinue" time="1.190"/>
>>>>>>> branch 'master' of https://github.com/amirakamalAly/ERAFristRepo
  <system-out/>
<<<<<<< HEAD
  <testcase name="getotp" time="12.960" classname="login.ClickloginbuttonfromHomescreenTest"/>
=======
  <testcase classname="com.ERA.testcases.ClickloginbuttonfromHomescreenTest" name="getotp" time="8.947"/>
>>>>>>> branch 'master' of https://github.com/amirakamalAly/ERAFristRepo
  <system-out/>
</testsuite> <!-- login.ClickloginbuttonfromHomescreenTest -->
