<?xml version="1.0" encoding="UTF-8"?>
<!-- Generated by org.testng.reporters.JUnitReportReporter -->
<testsuite skipped="0" hostname="AS-40" name="PolicedriverApi.API_Driver_Login_Test" tests="1" failures="0" timestamp="2023-01-23T12:38:47 EET" time="2.814" errors="0">
  <testcase name="driverLogin" time="2.814" classname="PolicedriverApi.API_Driver_Login_Test"/>
  <system-out/>
</testsuite> <!-- PolicedriverApi.API_Driver_Login_Test -->
