<?xml version="1.0" encoding="UTF-8"?>
<!-- Generated by org.testng.reporters.JUnitReportReporter -->
<testsuite skipped="0" hostname="AS-40" name="NormalUser_FleetAndAdmin.Cancel_From_AdminRequest_Test" tests="16" failures="0" timestamp="2023-01-11T09:49:59 EET" time="103.679" errors="0">
  <testcase name="setup" time="3.480" classname="NormalUser_FleetAndAdmin.Cancel_From_AdminRequest_Test"/>
  <system-out/>
  <testcase name="setup" time="7.710" classname="NormalUser_FleetAndAdmin.Cancel_From_AdminRequest_Test"/>
  <system-out/>
  <testcase name="loginTest" time="11.179" classname="NormalUser_FleetAndAdmin.Cancel_From_AdminRequest_Test"/>
  <system-out/>
  <testcase name="loginTest" time="8.808" classname="NormalUser_FleetAndAdmin.Cancel_From_AdminRequest_Test"/>
  <system-out/>
  <testcase name="OpenRequest" time="12.205" classname="NormalUser_FleetAndAdmin.Cancel_From_AdminRequest_Test"/>
  <system-out/>
  <testcase name="OpenRequest" time="14.746" classname="NormalUser_FleetAndAdmin.Cancel_From_AdminRequest_Test"/>
  <system-out/>
  <testcase name="SearchWithMobileNumber" time="16.534" classname="NormalUser_FleetAndAdmin.Cancel_From_AdminRequest_Test"/>
  <system-out/>
  <testcase name="SearchWithMobileNumber" time="16.521" classname="NormalUser_FleetAndAdmin.Cancel_From_AdminRequest_Test"/>
  <system-out/>
  <testcase name="GetRequestAndJobOrderID" time="3.113" classname="NormalUser_FleetAndAdmin.Cancel_From_AdminRequest_Test"/>
  <system-out/>
  <testcase name="OpenAction" time="1.039" classname="NormalUser_FleetAndAdmin.Cancel_From_AdminRequest_Test"/>
  <system-out/>
  <testcase name="OpenAction" time="1.050" classname="NormalUser_FleetAndAdmin.Cancel_From_AdminRequest_Test"/>
  <system-out/>
  <testcase name="GetRequestAndJobOrderID" time="3.104" classname="NormalUser_FleetAndAdmin.Cancel_From_AdminRequest_Test"/>
  <system-out/>
  <testcase name="Cancel" time="1.055" classname="NormalUser_FleetAndAdmin.Cancel_From_AdminRequest_Test"/>
  <system-out/>
  <testcase name="Cancel" time="1.074" classname="NormalUser_FleetAndAdmin.Cancel_From_AdminRequest_Test"/>
  <system-out/>
  <testcase name="Confirm_cancel" time="1.031" classname="NormalUser_FleetAndAdmin.Cancel_From_AdminRequest_Test"/>
  <system-out/>
  <testcase name="Confirm_cancel" time="1.030" classname="NormalUser_FleetAndAdmin.Cancel_From_AdminRequest_Test"/>
  <system-out/>
</testsuite> <!-- NormalUser_FleetAndAdmin.Cancel_From_AdminRequest_Test -->
