<?xml version="1.0" encoding="UTF-8"?>
<!-- Generated by org.testng.reporters.JUnitReportReporter -->
<testsuite skipped="0" hostname="AS-40" name="common.LogoutTest" tests="3" failures="0" timestamp="2022-03-27T09:27:09 EET" time="26.558" errors="0">
  <testcase name="clickMenuIconFromHome" time="8.833" classname="common.LogoutTest"/>
  <system-out/>
  <testcase name="clickLogout" time="9.011" classname="common.LogoutTest"/>
  <system-out/>
  <testcase name="clickSkip" time="8.714" classname="common.LogoutTest"/>
  <system-out/>
</testsuite> <!-- common.LogoutTest -->
