<?xml version="1.0" encoding="UTF-8"?>
<!-- Generated by org.testng.reporters.JUnitReportReporter -->
<testsuite hostname="AS-40" failures="0" tests="3" name="SandPullOut.cautionSandPullOutRequestTest" time="0.000" errors="0" timestamp="2022-12-15T09:14:29 EET" skipped="3">
  <testcase classname="SandPullOut.cautionSandPullOutRequestTest" name="DragServiceSheet" time="0.000">
    <skipped/>
  </testcase> <!-- DragServiceSheet -->
  <system-out/>
  <testcase classname="SandPullOut.cautionSandPullOutRequestTest" name="clickBackarrrow2" time="0.000">
    <skipped/>
  </testcase> <!-- clickBackarrrow2 -->
  <system-out/>
  <testcase classname="SandPullOut.cautionSandPullOutRequestTest" name="confirmbackome" time="0.000">
    <skipped/>
  </testcase> <!-- confirmbackome -->
  <system-out/>
</testsuite> <!-- SandPullOut.cautionSandPullOutRequestTest -->
