<?xml version="1.0" encoding="UTF-8"?>
<!-- Generated by org.testng.reporters.JUnitReportReporter -->
<testsuite skipped="0" hostname="AS-40" name="profile.Profile_InvalidNameAndEmailTest" tests="10" failures="0" timestamp="2023-01-23T12:18:37 EET" time="19.343" errors="0">
  <testcase name="clickprofiletabFromMenu" time="1.903" classname="profile.Profile_InvalidNameAndEmailTest"/>
  <system-out/>
  <testcase name="EditNamewithvalidNumber" time="2.357" classname="profile.Profile_InvalidNameAndEmailTest"/>
  <system-out/>
  <testcase name="EditEmailwithvalidNumber" time="1.730" classname="profile.Profile_InvalidNameAndEmailTest"/>
  <system-out/>
  <testcase name="scrollitems" time="2.231" classname="profile.Profile_InvalidNameAndEmailTest"/>
  <system-out/>
  <testcase name="SaveButton" time="1.942" classname="profile.Profile_InvalidNameAndEmailTest"/>
  <system-out/>
  <testcase name="ValidateInvalidName" time="1.625" classname="profile.Profile_InvalidNameAndEmailTest"/>
  <system-out/>
  <testcase name="EditNamewithvalidØ¢Name" time="2.428" classname="profile.Profile_InvalidNameAndEmailTest"/>
  <system-out/>
  <testcase name="SaveButton2" time="1.713" classname="profile.Profile_InvalidNameAndEmailTest"/>
  <system-out/>
  <testcase name="ValidateInvalidEmail" time="1.799" classname="profile.Profile_InvalidNameAndEmailTest"/>
  <system-out/>
  <testcase name="ClickMenu" time="1.615" classname="profile.Profile_InvalidNameAndEmailTest"/>
  <system-out/>
</testsuite> <!-- profile.Profile_InvalidNameAndEmailTest -->
