<?xml version="1.0" encoding="UTF-8"?>
<!-- Generated by org.testng.reporters.JUnitReportReporter -->
<testsuite skipped="0" hostname="AS-40" name="DubaiPoliceAccount.ImpoundDataTest" tests="8" failures="0" timestamp="2023-01-25T12:03:14 EET" time="14.366" errors="0">
  <testcase name="AddMorgateToTest" time="1.711" classname="DubaiPoliceAccount.ImpoundDataTest"/>
  <system-out/>
  <testcase name="AddReasonsTest" time="1.683" classname="DubaiPoliceAccount.ImpoundDataTest"/>
  <system-out/>
  <testcase name="AddCaseNumberTest" time="1.580" classname="DubaiPoliceAccount.ImpoundDataTest"/>
  <system-out/>
  <testcase name="AddNoteTest" time="1.676" classname="DubaiPoliceAccount.ImpoundDataTest"/>
  <system-out/>
  <testcase name="SwitchCustodyToggleONTest" time="1.635" classname="DubaiPoliceAccount.ImpoundDataTest"/>
  <system-out/>
  <testcase name="scrolldownTest" time="2.104" classname="DubaiPoliceAccount.ImpoundDataTest"/>
  <system-out/>
  <testcase name="AddCustodyNoteest" time="1.574" classname="DubaiPoliceAccount.ImpoundDataTest"/>
  <system-out/>
  <testcase name="ConfirmImpounddataTest" time="2.403" classname="DubaiPoliceAccount.ImpoundDataTest"/>
  <system-out/>
</testsuite> <!-- DubaiPoliceAccount.ImpoundDataTest -->
