<?xml version="1.0" encoding="UTF-8"?>
<!-- Generated by org.testng.reporters.JUnitReportReporter -->
<testsuite skipped="0" hostname="AS-40" name="DubaiPoliceAccount.InvalidVehicleDataInfoTest" tests="7" failures="0" timestamp="2023-01-25T11:31:35 EET" time="13.496" errors="0">
  <testcase name="scrolldownTest" time="2.264" classname="DubaiPoliceAccount.InvalidVehicleDataInfoTest"/>
  <system-out/>
  <testcase name="confirmVehicleTest" time="2.409" classname="DubaiPoliceAccount.InvalidVehicleDataInfoTest"/>
  <system-out/>
  <testcase name="AssertMandatoryModelTest" time="1.651" classname="DubaiPoliceAccount.InvalidVehicleDataInfoTest"/>
  <system-out/>
  <testcase name="AssertMandatoryChassisNumberTest" time="1.723" classname="DubaiPoliceAccount.InvalidVehicleDataInfoTest"/>
  <system-out/>
  <testcase name="scrollUpTest" time="2.155" classname="DubaiPoliceAccount.InvalidVehicleDataInfoTest"/>
  <system-out/>
  <testcase name="AssertMandatoryMakeTest" time="1.648" classname="DubaiPoliceAccount.InvalidVehicleDataInfoTest"/>
  <system-out/>
  <testcase name="AssertMandatoryImageTest" time="1.646" classname="DubaiPoliceAccount.InvalidVehicleDataInfoTest"/>
  <system-out/>
</testsuite> <!-- DubaiPoliceAccount.InvalidVehicleDataInfoTest -->
