<?xml version="1.0" encoding="UTF-8"?>
<!-- Generated by org.testng.reporters.JUnitReportReporter -->
<testsuite skipped="0" hostname="AS-40" name="RTA.UpdatechassisNumberTest" tests="1" failures="0" timestamp="2023-01-29T14:35:02 EET" time="2.625" errors="0">
  <testcase name="ChassisNumberTest" time="2.625" classname="RTA.UpdatechassisNumberTest"/>
  <system-out/>
</testsuite> <!-- RTA.UpdatechassisNumberTest -->
