<?xml version="1.0" encoding="UTF-8"?>
<!-- Generated by org.testng.reporters.JUnitReportReporter -->
<testsuite skipped="0" hostname="AS-40" name="RTA.AddRTADataTest" tests="3" failures="0" timestamp="2023-01-25T18:07:32 EET" time="8.434" errors="0">
  <testcase name="addInvalidName" time="3.593" classname="RTA.AddRTADataTest"/>
  <system-out/>
  <testcase name="addInvalidId" time="2.157" classname="RTA.AddRTADataTest"/>
  <system-out/>
  <testcase name="clciksave" time="2.684" classname="RTA.AddRTADataTest"/>
  <system-out/>
</testsuite> <!-- RTA.AddRTADataTest -->
